Flow report for EP2C5
Thu Mar 03 00:03:30 2016
Quartus II 32-bit Version 11.1 Build 173 11/01/2011 SJ Full Version


---------------------
; Table of Contents ;
---------------------
  1. Legal Notice
  2. Flow Summary
  3. Flow Settings
  4. Flow Non-Default Global Settings
  5. Flow Elapsed Time
  6. Flow OS Summary
  7. Flow Log



----------------
; Legal Notice ;
----------------
Copyright (C) 1991-2011 Altera Corporation
Your use of Altera Corporation's design tools, logic functions 
and other software and tools, and its AMPP partner logic 
functions, and any output files from any of the foregoing 
(including device programming or simulation files), and any 
associated documentation or information are expressly subject 
to the terms and conditions of the Altera Program License 
Subscription Agreement, Altera MegaCore Function License 
Agreement, or other applicable license agreement, including, 
without limitation, that your use is for the sole purpose of 
programming logic devices manufactured by Altera and sold by 
Altera or its authorized distributors.  Please refer to the 
applicable agreement for further details.



+--------------------------------------------------------------------------------+
; Flow Summary                                                                   ;
+------------------------------------+-------------------------------------------+
; Flow Status                        ; Successful - Thu Mar 03 00:03:30 2016     ;
; Quartus II 32-bit Version          ; 11.1 Build 173 11/01/2011 SJ Full Version ;
; Revision Name                      ; EP2C5                                     ;
; Top-level Entity Name              ; EP2C5                                     ;
; Family                             ; Cyclone II                                ;
; Device                             ; EP2C5T144C7                               ;
; Timing Models                      ; Final                                     ;
; Total logic elements               ; 522 / 4,608 ( 11 % )                      ;
;     Total combinational functions  ; 501 / 4,608 ( 11 % )                      ;
;     Dedicated logic registers      ; 266 / 4,608 ( 6 % )                       ;
; Total registers                    ; 266                                       ;
; Total pins                         ; 13 / 89 ( 15 % )                          ;
; Total virtual pins                 ; 0                                         ;
; Total memory bits                  ; 0 / 119,808 ( 0 % )                       ;
; Embedded Multiplier 9-bit elements ; 0 / 26 ( 0 % )                            ;
; Total PLLs                         ; 0 / 2 ( 0 % )                             ;
+------------------------------------+-------------------------------------------+


+-----------------------------------------+
; Flow Settings                           ;
+-------------------+---------------------+
; Option            ; Setting             ;
+-------------------+---------------------+
; Start date & time ; 03/03/2016 00:03:23 ;
; Main task         ; Compilation         ;
; Revision Name     ; EP2C5               ;
+-------------------+---------------------+


+-------------------------------------------------------------------------------------------------------------------------+
; Flow Non-Default Global Settings                                                                                        ;
+-------------------------------------+---------------------------------------+---------------+-------------+-------------+
; Assignment Name                     ; Value                                 ; Default Value ; Entity Name ; Section Id  ;
+-------------------------------------+---------------------------------------+---------------+-------------+-------------+
; COMPILER_SIGNATURE_ID               ; 105996038739929.145695260311696       ; --            ; --          ; --          ;
; MAX_CORE_JUNCTION_TEMP              ; 85                                    ; --            ; --          ; --          ;
; MIN_CORE_JUNCTION_TEMP              ; 0                                     ; --            ; --          ; --          ;
; OUTPUT_PIN_LOAD                     ; 10                                    ; --            ; --          ; 2.5 V       ;
; OUTPUT_PIN_LOAD                     ; 10                                    ; --            ; --          ; 3.3-V PCI   ;
; OUTPUT_PIN_LOAD                     ; 10                                    ; --            ; --          ; 3.3-V PCI-X ;
; PARTITION_COLOR                     ; 16764057                              ; --            ; --          ; Top         ;
; PARTITION_FITTER_PRESERVATION_LEVEL ; PLACEMENT_AND_ROUTING                 ; --            ; --          ; Top         ;
; PARTITION_NETLIST_TYPE              ; SOURCE                                ; --            ; --          ; Top         ;
; POWER_BOARD_THERMAL_MODEL           ; None (CONSERVATIVE)                   ; --            ; --          ; --          ;
; POWER_PRESET_COOLING_SOLUTION       ; 23 MM HEAT SINK WITH 200 LFPM AIRFLOW ; --            ; --          ; --          ;
+-------------------------------------+---------------------------------------+---------------+-------------+-------------+


+-------------------------------------------------------------------------------------------------------------------------------+
; Flow Elapsed Time                                                                                                             ;
+---------------------------+--------------+-------------------------+---------------------+------------------------------------+
; Module Name               ; Elapsed Time ; Average Processors Used ; Peak Virtual Memory ; Total CPU Time (on all processors) ;
+---------------------------+--------------+-------------------------+---------------------+------------------------------------+
; Analysis & Synthesis      ; 00:00:02     ; 1.0                     ; 302 MB              ; 00:00:03                           ;
; Fitter                    ; 00:00:02     ; 1.0                     ; 383 MB              ; 00:00:02                           ;
; Assembler                 ; 00:00:01     ; 1.0                     ; 274 MB              ; 00:00:01                           ;
; TimeQuest Timing Analyzer ; 00:00:01     ; 4.0                     ; 294 MB              ; 00:00:01                           ;
; Total                     ; 00:00:06     ; --                      ; --                  ; 00:00:07                           ;
+---------------------------+--------------+-------------------------+---------------------+------------------------------------+


+----------------------------------------------------------------------------------------+
; Flow OS Summary                                                                        ;
+---------------------------+------------------+-----------+------------+----------------+
; Module Name               ; Machine Hostname ; OS Name   ; OS Version ; Processor type ;
+---------------------------+------------------+-----------+------------+----------------+
; Analysis & Synthesis      ; sea-note         ; Windows 7 ; 6.1        ; x86_64         ;
; Fitter                    ; sea-note         ; Windows 7 ; 6.1        ; x86_64         ;
; Assembler                 ; sea-note         ; Windows 7 ; 6.1        ; x86_64         ;
; TimeQuest Timing Analyzer ; sea-note         ; Windows 7 ; 6.1        ; x86_64         ;
+---------------------------+------------------+-----------+------------+----------------+


------------
; Flow Log ;
------------
quartus_map --read_settings_files=on --write_settings_files=off EP2C5 -c EP2C5
quartus_fit --read_settings_files=off --write_settings_files=off EP2C5 -c EP2C5
quartus_asm --read_settings_files=off --write_settings_files=off EP2C5 -c EP2C5
quartus_sta EP2C5 -c EP2C5



