Tue Feb 23 23:54:50 MSK 2016  [debug] AvalonLogSystem initialized using logfile 'lpf.log'
Tue Feb 23 23:54:50 MSK 2016   [info] ************************************************************** 
Tue Feb 23 23:54:50 MSK 2016   [info] Starting Jakarta Velocity v1.4
Tue Feb 23 23:54:50 MSK 2016   [info] RuntimeInstance initializing.
Tue Feb 23 23:54:50 MSK 2016   [info] Default Properties File: org\apache\velocity\runtime\defaults\velocity.properties
Tue Feb 23 23:54:50 MSK 2016   [info] Trying to use logger class org.apache.velocity.runtime.log.AvalonLogSystem
Tue Feb 23 23:54:50 MSK 2016   [info] Using logger class org.apache.velocity.runtime.log.AvalonLogSystem
Tue Feb 23 23:54:50 MSK 2016   [info] Default ResourceManager initializing. (class org.apache.velocity.runtime.resource.ResourceManagerImpl)
Tue Feb 23 23:54:50 MSK 2016   [info] Resource Loader Instantiated: org.apache.velocity.runtime.resource.loader.FileResourceLoader
Tue Feb 23 23:54:50 MSK 2016   [info] FileResourceLoader : initialization starting.
Tue Feb 23 23:54:50 MSK 2016   [info] FileResourceLoader : adding path 'd:/altera/11.1/ip/altera/cic/lib/\template'
Tue Feb 23 23:54:50 MSK 2016   [info] FileResourceLoader : adding path '.'
Tue Feb 23 23:54:50 MSK 2016   [info] FileResourceLoader : initialization complete.
Tue Feb 23 23:54:50 MSK 2016   [info] Resource Loader Instantiated: org.apache.velocity.runtime.resource.loader.JarResourceLoader
Tue Feb 23 23:54:50 MSK 2016   [info] JarResourceLoader : initialization starting.
Tue Feb 23 23:54:50 MSK 2016   [info] JarResourceLoader # of paths : 0
Tue Feb 23 23:54:50 MSK 2016   [info] JarResourceLoader : initialization complete.
Tue Feb 23 23:54:50 MSK 2016   [info] Resource Loader Instantiated: org.apache.velocity.runtime.resource.loader.ClasspathResourceLoader
Tue Feb 23 23:54:50 MSK 2016   [info] ClasspathResourceLoader : initialization starting.
Tue Feb 23 23:54:50 MSK 2016   [info] ClasspathResourceLoader : initialization complete.
Tue Feb 23 23:54:50 MSK 2016   [info] ResourceCache : initialized. (class org.apache.velocity.runtime.resource.ResourceCacheImpl)
Tue Feb 23 23:54:50 MSK 2016   [info] Default ResourceManager initialization complete.
Tue Feb 23 23:54:50 MSK 2016   [info] Loaded System Directive: org.apache.velocity.runtime.directive.Literal
Tue Feb 23 23:54:50 MSK 2016   [info] Loaded System Directive: org.apache.velocity.runtime.directive.Macro
Tue Feb 23 23:54:50 MSK 2016   [info] Loaded System Directive: org.apache.velocity.runtime.directive.Parse
Tue Feb 23 23:54:50 MSK 2016   [info] Loaded System Directive: org.apache.velocity.runtime.directive.Include
Tue Feb 23 23:54:50 MSK 2016   [info] Loaded System Directive: org.apache.velocity.runtime.directive.Foreach
Tue Feb 23 23:54:50 MSK 2016   [info] Created: 20 parsers.
Tue Feb 23 23:54:50 MSK 2016   [info] Velocimacro : initialization starting.
Tue Feb 23 23:54:50 MSK 2016   [info] Velocimacro : adding VMs from VM library template : VM_global_library.vm
Tue Feb 23 23:54:50 MSK 2016   [info] Velocimacro : added new VM : #listall( list ) : source = VM_global_library.vm
Tue Feb 23 23:54:50 MSK 2016   [info] Velocimacro : added new VM : #listlist( list ) : source = VM_global_library.vm
Tue Feb 23 23:54:50 MSK 2016   [info] ResourceManager : found VM_global_library.vm with loader org.apache.velocity.runtime.resource.loader.ClasspathResourceLoader
Tue Feb 23 23:54:50 MSK 2016   [info] Velocimacro :  VM library template macro registration complete.
Tue Feb 23 23:54:50 MSK 2016   [info] Velocimacro : allowInline = true : VMs can be defined inline in templates
Tue Feb 23 23:54:50 MSK 2016   [info] Velocimacro : allowInlineToOverride = false : VMs defined inline may NOT replace previous VM definitions
Tue Feb 23 23:54:50 MSK 2016   [info] Velocimacro : allowInlineLocal = false : VMs defined inline will be  global in scope if allowed.
Tue Feb 23 23:54:50 MSK 2016   [info] Velocimacro : messages on  : VM system will output logging messages
Tue Feb 23 23:54:50 MSK 2016   [info] Velocimacro : autoload off  : VM system will not automatically reload global library macros
Tue Feb 23 23:54:50 MSK 2016   [info] Velocimacro : initialization complete.
Tue Feb 23 23:54:50 MSK 2016   [info] Velocity successfully started.
Tue Feb 23 23:54:50 MSK 2016   [info] ResourceManager : found cic_dec_vhdl_template.vm with loader org.apache.velocity.runtime.resource.loader.ClasspathResourceLoader
Tue Feb 23 23:54:50 MSK 2016   [info] ResourceManager : found cic_template_header.vm with loader org.apache.velocity.runtime.resource.loader.ClasspathResourceLoader
Tue Feb 23 23:54:50 MSK 2016   [info] ResourceManager : found alt_license_vhdl.txt with loader org.apache.velocity.runtime.resource.loader.ClasspathResourceLoader
Tue Feb 23 23:54:50 MSK 2016   [info] ResourceManager : found cic_ast_wrapper.vm with loader org.apache.velocity.runtime.resource.loader.ClasspathResourceLoader
Tue Feb 23 23:54:50 MSK 2016   [info] ResourceManager : found run_quartus_tcl.vm with loader org.apache.velocity.runtime.resource.loader.ClasspathResourceLoader
Tue Feb 23 23:54:50 MSK 2016   [info] ResourceManager : found alt_license_tcl.txt with loader org.apache.velocity.runtime.resource.loader.ClasspathResourceLoader
Tue Feb 23 23:54:50 MSK 2016   [info] ResourceManager : found cic_nativelink_tcl.vm with loader org.apache.velocity.runtime.resource.loader.ClasspathResourceLoader
Tue Feb 23 23:54:50 MSK 2016   [info] ResourceManager : found alt_license_tcl.txt with loader org.apache.velocity.runtime.resource.loader.ClasspathResourceLoader
Tue Feb 23 23:54:51 MSK 2016   [info] ResourceManager : found cic_dec_verilog_tb.vm with loader org.apache.velocity.runtime.resource.loader.ClasspathResourceLoader
Tue Feb 23 23:54:51 MSK 2016   [info] ResourceManager : found alt_license_verilog.txt with loader org.apache.velocity.runtime.resource.loader.ClasspathResourceLoader
Tue Feb 23 23:54:51 MSK 2016   [info] ResourceManager : found cic_fir_comp_coef.vm with loader org.apache.velocity.runtime.resource.loader.ClasspathResourceLoader
Tue Feb 23 23:54:51 MSK 2016   [info] ResourceManager : found alt_license_matlab.txt with loader org.apache.velocity.runtime.resource.loader.ClasspathResourceLoader
