Flow report for I2S_DAC
Wed Jan 13 22:02:23 2016
Quartus II 32-bit Version 11.1 Build 173 11/01/2011 SJ Full Version


---------------------
; Table of Contents ;
---------------------
  1. Legal Notice
  2. Flow Summary
  3. Flow Settings
  4. Flow Non-Default Global Settings
  5. Flow Elapsed Time
  6. Flow OS Summary
  7. Flow Log



----------------
; Legal Notice ;
----------------
Copyright (C) 1991-2011 Altera Corporation
Your use of Altera Corporation's design tools, logic functions 
and other software and tools, and its AMPP partner logic 
functions, and any output files from any of the foregoing 
(including device programming or simulation files), and any 
associated documentation or information are expressly subject 
to the terms and conditions of the Altera Program License 
Subscription Agreement, Altera MegaCore Function License 
Agreement, or other applicable license agreement, including, 
without limitation, that your use is for the sole purpose of 
programming logic devices manufactured by Altera and sold by 
Altera or its authorized distributors.  Please refer to the 
applicable agreement for further details.



+--------------------------------------------------------------------------------+
; Flow Summary                                                                   ;
+------------------------------------+-------------------------------------------+
; Flow Status                        ; Successful - Wed Jan 13 22:02:23 2016     ;
; Quartus II 32-bit Version          ; 11.1 Build 173 11/01/2011 SJ Full Version ;
; Revision Name                      ; I2S_DAC                                   ;
; Top-level Entity Name              ; I2S_DAC                                   ;
; Family                             ; Cyclone IV E                              ;
; Device                             ; EP4CE10E22C8                              ;
; Timing Models                      ; Final                                     ;
; Total logic elements               ; 189 / 10,320 ( 2 % )                      ;
;     Total combinational functions  ; 121 / 10,320 ( 1 % )                      ;
;     Dedicated logic registers      ; 139 / 10,320 ( 1 % )                      ;
; Total registers                    ; 139                                       ;
; Total pins                         ; 14 / 92 ( 15 % )                          ;
; Total virtual pins                 ; 0                                         ;
; Total memory bits                  ; 0 / 423,936 ( 0 % )                       ;
; Embedded Multiplier 9-bit elements ; 0 / 46 ( 0 % )                            ;
; Total PLLs                         ; 1 / 2 ( 50 % )                            ;
+------------------------------------+-------------------------------------------+


+-----------------------------------------+
; Flow Settings                           ;
+-------------------+---------------------+
; Option            ; Setting             ;
+-------------------+---------------------+
; Start date & time ; 01/13/2016 00:03:35 ;
; Main task         ; Compilation         ;
; Revision Name     ; I2S_DAC             ;
+-------------------+---------------------+


+----------------------------------------------------------------------------------------------------------------------------+
; Flow Non-Default Global Settings                                                                                           ;
+-------------------------------------+---------------------------------------+---------------+-------------+----------------+
; Assignment Name                     ; Value                                 ; Default Value ; Entity Name ; Section Id     ;
+-------------------------------------+---------------------------------------+---------------+-------------+----------------+
; COMPILER_SIGNATURE_ID               ; 105996038739929.145263261513988       ; --            ; --          ; --             ;
; EDA_OUTPUT_DATA_FORMAT              ; Verilog Hdl                           ; --            ; --          ; eda_simulation ;
; EDA_SIMULATION_TOOL                 ; ModelSim-Altera (Verilog)             ; <None>        ; --          ; --             ;
; MAX_CORE_JUNCTION_TEMP              ; 85                                    ; --            ; --          ; --             ;
; MIN_CORE_JUNCTION_TEMP              ; 0                                     ; --            ; --          ; --             ;
; OUTPUT_IO_TIMING_FAR_END_VMEAS      ; Half Signal Swing                     ; --            ; --          ; --             ;
; OUTPUT_IO_TIMING_FAR_END_VMEAS      ; Half Signal Swing                     ; --            ; --          ; --             ;
; OUTPUT_IO_TIMING_NEAR_END_VMEAS     ; Half Vccio                            ; --            ; --          ; --             ;
; OUTPUT_IO_TIMING_NEAR_END_VMEAS     ; Half Vccio                            ; --            ; --          ; --             ;
; PARTITION_COLOR                     ; 16764057                              ; --            ; --          ; Top            ;
; PARTITION_FITTER_PRESERVATION_LEVEL ; PLACEMENT_AND_ROUTING                 ; --            ; --          ; Top            ;
; PARTITION_NETLIST_TYPE              ; SOURCE                                ; --            ; --          ; Top            ;
; POWER_BOARD_THERMAL_MODEL           ; None (CONSERVATIVE)                   ; --            ; --          ; --             ;
; POWER_PRESET_COOLING_SOLUTION       ; 23 MM HEAT SINK WITH 200 LFPM AIRFLOW ; --            ; --          ; --             ;
+-------------------------------------+---------------------------------------+---------------+-------------+----------------+


+-------------------------------------------------------------------------------------------------------------------------------+
; Flow Elapsed Time                                                                                                             ;
+---------------------------+--------------+-------------------------+---------------------+------------------------------------+
; Module Name               ; Elapsed Time ; Average Processors Used ; Peak Virtual Memory ; Total CPU Time (on all processors) ;
+---------------------------+--------------+-------------------------+---------------------+------------------------------------+
; Analysis & Synthesis      ; 00:00:01     ; 1.0                     ; 302 MB              ; 00:00:01                           ;
; Fitter                    ; 00:00:02     ; 1.0                     ; 437 MB              ; 00:00:03                           ;
; Assembler                 ; 00:00:01     ; 1.0                     ; 282 MB              ; 00:00:01                           ;
; TimeQuest Timing Analyzer ; 00:00:02     ; 1.7                     ; 317 MB              ; 00:00:02                           ;
; EDA Netlist Writer        ; 00:00:01     ; 1.0                     ; 258 MB              ; 00:00:01                           ;
; Analysis & Synthesis      ; 00:00:00     ; 1.0                     ; 286 MB              ; 00:00:00                           ;
; Partition Merge           ; 00:00:01     ; 1.0                     ; 299 MB              ; 00:00:00                           ;
; Fitter                    ; 00:00:02     ; 3.4                     ; 437 MB              ; 00:00:03                           ;
; Assembler                 ; 00:00:01     ; 1.0                     ; 282 MB              ; 00:00:01                           ;
; TimeQuest Timing Analyzer ; 00:00:02     ; 1.0                     ; 317 MB              ; 00:00:02                           ;
; EDA Netlist Writer        ; 00:00:01     ; 1.0                     ; 258 MB              ; 00:00:01                           ;
; Analysis & Synthesis      ; 00:00:07     ; 1.4                     ; 334 MB              ; 00:00:06                           ;
; Partition Merge           ; 00:00:00     ; 1.0                     ; 299 MB              ; 00:00:01                           ;
; Fitter                    ; 00:00:04     ; 1.0                     ; 440 MB              ; 00:00:04                           ;
; Assembler                 ; 00:00:01     ; 1.0                     ; 283 MB              ; 00:00:01                           ;
; TimeQuest Timing Analyzer ; 00:00:03     ; 1.0                     ; 322 MB              ; 00:00:03                           ;
; EDA Netlist Writer        ; 00:00:01     ; 1.0                     ; 265 MB              ; 00:00:01                           ;
; Analysis & Synthesis      ; 00:00:05     ; 1.0                     ; 342 MB              ; 00:00:05                           ;
; Partition Merge           ; 00:00:01     ; 1.0                     ; 300 MB              ; 00:00:01                           ;
; Fitter                    ; 00:00:04     ; 1.0                     ; 442 MB              ; 00:00:04                           ;
; Assembler                 ; 00:00:01     ; 1.0                     ; 283 MB              ; 00:00:01                           ;
; TimeQuest Timing Analyzer ; 00:00:03     ; 1.5                     ; 323 MB              ; 00:00:03                           ;
; EDA Netlist Writer        ; 00:00:02     ; 1.0                     ; 265 MB              ; 00:00:01                           ;
; Analysis & Synthesis      ; 00:00:01     ; 1.0                     ; 285 MB              ; 00:00:00                           ;
; Analysis & Synthesis      ; 00:00:03     ; 1.0                     ; 333 MB              ; 00:00:03                           ;
; Partition Merge           ; 00:00:01     ; 1.0                     ; 296 MB              ; 00:00:01                           ;
; Fitter                    ; 00:00:04     ; 1.0                     ; 441 MB              ; 00:00:04                           ;
; Assembler                 ; 00:00:01     ; 1.0                     ; 283 MB              ; 00:00:01                           ;
; TimeQuest Timing Analyzer ; 00:00:03     ; 1.0                     ; 323 MB              ; 00:00:03                           ;
; EDA Netlist Writer        ; 00:00:01     ; 1.0                     ; 265 MB              ; 00:00:01                           ;
; Analysis & Synthesis      ; 00:00:04     ; 1.0                     ; 339 MB              ; 00:00:04                           ;
; Partition Merge           ; 00:00:00     ; 1.0                     ; 296 MB              ; 00:00:01                           ;
; Fitter                    ; 00:00:04     ; 2.7                     ; 442 MB              ; 00:00:04                           ;
; Assembler                 ; 00:00:01     ; 1.0                     ; 284 MB              ; 00:00:01                           ;
; TimeQuest Timing Analyzer ; 00:00:03     ; 1.5                     ; 323 MB              ; 00:00:03                           ;
; EDA Netlist Writer        ; 00:00:01     ; 1.0                     ; 266 MB              ; 00:00:02                           ;
; Analysis & Synthesis      ; 00:00:04     ; 1.0                     ; 340 MB              ; 00:00:04                           ;
; Partition Merge           ; 00:00:01     ; 1.0                     ; 296 MB              ; 00:00:01                           ;
; Fitter                    ; 00:00:03     ; 2.7                     ; 443 MB              ; 00:00:05                           ;
; Assembler                 ; 00:00:01     ; 1.0                     ; 284 MB              ; 00:00:01                           ;
; TimeQuest Timing Analyzer ; 00:00:02     ; 1.0                     ; 323 MB              ; 00:00:03                           ;
; EDA Netlist Writer        ; 00:00:02     ; 1.0                     ; 266 MB              ; 00:00:02                           ;
; Analysis & Synthesis      ; 00:00:03     ; 1.0                     ; 340 MB              ; 00:00:04                           ;
; Partition Merge           ; 00:00:01     ; 1.0                     ; 296 MB              ; 00:00:01                           ;
; Fitter                    ; 00:00:03     ; 1.0                     ; 443 MB              ; 00:00:05                           ;
; Assembler                 ; 00:00:01     ; 1.0                     ; 284 MB              ; 00:00:01                           ;
; TimeQuest Timing Analyzer ; 00:00:02     ; 1.0                     ; 323 MB              ; 00:00:03                           ;
; EDA Netlist Writer        ; 00:00:02     ; 1.0                     ; 266 MB              ; 00:00:02                           ;
; Analysis & Synthesis      ; 00:00:03     ; 1.0                     ; 340 MB              ; 00:00:04                           ;
; Partition Merge           ; 00:00:01     ; 1.0                     ; 296 MB              ; 00:00:01                           ;
; Fitter                    ; 00:00:04     ; 2.7                     ; 443 MB              ; 00:00:04                           ;
; Assembler                 ; 00:00:01     ; 1.0                     ; 284 MB              ; 00:00:01                           ;
; TimeQuest Timing Analyzer ; 00:00:03     ; 1.0                     ; 323 MB              ; 00:00:03                           ;
; EDA Netlist Writer        ; 00:00:01     ; 1.0                     ; 266 MB              ; 00:00:02                           ;
; Analysis & Synthesis      ; 00:00:04     ; 1.0                     ; 340 MB              ; 00:00:04                           ;
; Partition Merge           ; 00:00:01     ; 1.0                     ; 296 MB              ; 00:00:01                           ;
; Fitter                    ; 00:00:04     ; 2.7                     ; 442 MB              ; 00:00:04                           ;
; Assembler                 ; 00:00:01     ; 1.0                     ; 284 MB              ; 00:00:01                           ;
; TimeQuest Timing Analyzer ; 00:00:03     ; 1.0                     ; 323 MB              ; 00:00:03                           ;
; EDA Netlist Writer        ; 00:00:02     ; 1.0                     ; 266 MB              ; 00:00:02                           ;
; Analysis & Synthesis      ; 00:00:04     ; 1.0                     ; 340 MB              ; 00:00:04                           ;
; Partition Merge           ; 00:00:01     ; 1.0                     ; 296 MB              ; 00:00:01                           ;
; Fitter                    ; 00:00:04     ; 1.0                     ; 442 MB              ; 00:00:05                           ;
; Assembler                 ; 00:00:01     ; 1.0                     ; 284 MB              ; 00:00:01                           ;
; TimeQuest Timing Analyzer ; 00:00:02     ; 1.0                     ; 323 MB              ; 00:00:03                           ;
; EDA Netlist Writer        ; 00:00:02     ; 1.0                     ; 266 MB              ; 00:00:02                           ;
; Analysis & Synthesis      ; 00:00:03     ; 1.0                     ; 340 MB              ; 00:00:04                           ;
; Partition Merge           ; 00:00:01     ; 1.0                     ; 296 MB              ; 00:00:01                           ;
; Fitter                    ; 00:00:04     ; 1.0                     ; 443 MB              ; 00:00:05                           ;
; Assembler                 ; 00:00:01     ; 1.0                     ; 284 MB              ; 00:00:01                           ;
; TimeQuest Timing Analyzer ; 00:00:03     ; 1.0                     ; 324 MB              ; 00:00:03                           ;
; EDA Netlist Writer        ; 00:00:01     ; 1.0                     ; 266 MB              ; 00:00:02                           ;
; Analysis & Synthesis      ; 00:00:03     ; 1.0                     ; 340 MB              ; 00:00:04                           ;
; Partition Merge           ; 00:00:01     ; 1.0                     ; 296 MB              ; 00:00:01                           ;
; Fitter                    ; 00:00:04     ; 1.0                     ; 443 MB              ; 00:00:04                           ;
; Assembler                 ; 00:00:01     ; 1.0                     ; 284 MB              ; 00:00:01                           ;
; TimeQuest Timing Analyzer ; 00:00:03     ; 1.0                     ; 324 MB              ; 00:00:03                           ;
; EDA Netlist Writer        ; 00:00:01     ; 1.0                     ; 267 MB              ; 00:00:02                           ;
; Analysis & Synthesis      ; 00:00:04     ; 1.0                     ; 341 MB              ; 00:00:04                           ;
; Partition Merge           ; 00:00:00     ; 1.0                     ; 296 MB              ; 00:00:01                           ;
; Fitter                    ; 00:00:04     ; 1.0                     ; 443 MB              ; 00:00:05                           ;
; Assembler                 ; 00:00:01     ; 1.0                     ; 284 MB              ; 00:00:01                           ;
; TimeQuest Timing Analyzer ; 00:00:03     ; 1.0                     ; 324 MB              ; 00:00:03                           ;
; EDA Netlist Writer        ; 00:00:02     ; 1.0                     ; 266 MB              ; 00:00:02                           ;
; Analysis & Synthesis      ; 00:00:01     ; 1.0                     ; 286 MB              ; 00:00:01                           ;
; Analysis & Synthesis      ; 00:00:04     ; 1.0                     ; 340 MB              ; 00:00:04                           ;
; Partition Merge           ; 00:00:00     ; 1.0                     ; 296 MB              ; 00:00:01                           ;
; Fitter                    ; 00:00:04     ; 1.0                     ; 443 MB              ; 00:00:05                           ;
; Assembler                 ; 00:00:02     ; 1.0                     ; 284 MB              ; 00:00:01                           ;
; TimeQuest Timing Analyzer ; 00:00:03     ; 1.0                     ; 324 MB              ; 00:00:03                           ;
; EDA Netlist Writer        ; 00:00:02     ; 1.0                     ; 266 MB              ; 00:00:02                           ;
; Analysis & Synthesis      ; 00:00:04     ; 1.0                     ; 341 MB              ; 00:00:04                           ;
; Partition Merge           ; 00:00:00     ; 1.0                     ; 296 MB              ; 00:00:01                           ;
; Fitter                    ; 00:00:04     ; 2.7                     ; 443 MB              ; 00:00:05                           ;
; Assembler                 ; 00:00:01     ; 1.0                     ; 284 MB              ; 00:00:01                           ;
; TimeQuest Timing Analyzer ; 00:00:03     ; 1.0                     ; 324 MB              ; 00:00:03                           ;
; EDA Netlist Writer        ; 00:00:02     ; 1.0                     ; 267 MB              ; 00:00:02                           ;
; Analysis & Synthesis      ; 00:00:00     ; 1.0                     ; 287 MB              ; 00:00:01                           ;
; Analysis & Synthesis      ; 00:00:01     ; 1.0                     ; 287 MB              ; 00:00:01                           ;
; Analysis & Synthesis      ; 00:00:04     ; 1.0                     ; 340 MB              ; 00:00:04                           ;
; Partition Merge           ; 00:00:01     ; 1.0                     ; 297 MB              ; 00:00:01                           ;
; Fitter                    ; 00:00:04     ; 2.5                     ; 445 MB              ; 00:00:05                           ;
; Assembler                 ; 00:00:01     ; 1.0                     ; 284 MB              ; 00:00:01                           ;
; TimeQuest Timing Analyzer ; 00:00:03     ; 1.0                     ; 325 MB              ; 00:00:03                           ;
; EDA Netlist Writer        ; 00:00:02     ; 1.0                     ; 268 MB              ; 00:00:02                           ;
; Analysis & Synthesis      ; 00:00:04     ; 1.0                     ; 340 MB              ; 00:00:04                           ;
; Partition Merge           ; 00:00:01     ; 1.0                     ; 296 MB              ; 00:00:01                           ;
; Fitter                    ; 00:00:03     ; 1.0                     ; 443 MB              ; 00:00:05                           ;
; Assembler                 ; 00:00:01     ; 1.0                     ; 284 MB              ; 00:00:01                           ;
; TimeQuest Timing Analyzer ; 00:00:02     ; 1.5                     ; 324 MB              ; 00:00:03                           ;
; EDA Netlist Writer        ; 00:00:02     ; 1.0                     ; 267 MB              ; 00:00:02                           ;
; Analysis & Synthesis      ; 00:00:04     ; 1.0                     ; 340 MB              ; 00:00:04                           ;
; Analysis & Synthesis      ; 00:00:03     ; 1.0                     ; 333 MB              ; 00:00:03                           ;
; Partition Merge           ; 00:00:00     ; 1.0                     ; 296 MB              ; 00:00:01                           ;
; Fitter                    ; 00:00:04     ; 2.7                     ; 443 MB              ; 00:00:05                           ;
; Assembler                 ; 00:00:01     ; 1.0                     ; 284 MB              ; 00:00:01                           ;
; TimeQuest Timing Analyzer ; 00:00:03     ; 1.0                     ; 324 MB              ; 00:00:03                           ;
; EDA Netlist Writer        ; 00:00:02     ; 1.0                     ; 267 MB              ; 00:00:02                           ;
; Analysis & Synthesis      ; 00:00:04     ; 1.0                     ; 340 MB              ; 00:00:04                           ;
; Partition Merge           ; 00:00:01     ; 1.0                     ; 296 MB              ; 00:00:01                           ;
; Fitter                    ; 00:00:03     ; 1.0                     ; 442 MB              ; 00:00:05                           ;
; Assembler                 ; 00:00:01     ; 1.0                     ; 284 MB              ; 00:00:01                           ;
; TimeQuest Timing Analyzer ; 00:00:02     ; 3.4                     ; 324 MB              ; 00:00:03                           ;
; EDA Netlist Writer        ; 00:00:02     ; 1.0                     ; 267 MB              ; 00:00:02                           ;
; Analysis & Synthesis      ; 00:00:08     ; 1.0                     ; 345 MB              ; 00:00:04                           ;
; Partition Merge           ; 00:00:02     ; 1.0                     ; 296 MB              ; 00:00:01                           ;
; Fitter                    ; 00:00:05     ; 1.0                     ; 444 MB              ; 00:00:05                           ;
; Assembler                 ; 00:00:02     ; 1.0                     ; 284 MB              ; 00:00:01                           ;
; TimeQuest Timing Analyzer ; 00:00:04     ; 1.0                     ; 324 MB              ; 00:00:03                           ;
; EDA Netlist Writer        ; 00:00:02     ; 1.0                     ; 267 MB              ; 00:00:02                           ;
; Analysis & Synthesis      ; 00:00:04     ; 1.0                     ; 336 MB              ; 00:00:03                           ;
; Partition Merge           ; 00:00:00     ; 1.0                     ; 301 MB              ; 00:00:01                           ;
; Fitter                    ; 00:00:04     ; 2.7                     ; 444 MB              ; 00:00:04                           ;
; Assembler                 ; 00:00:01     ; 1.0                     ; 284 MB              ; 00:00:01                           ;
; TimeQuest Timing Analyzer ; 00:00:03     ; 1.0                     ; 324 MB              ; 00:00:03                           ;
; EDA Netlist Writer        ; 00:00:01     ; 1.0                     ; 267 MB              ; 00:00:02                           ;
; Analysis & Synthesis      ; 00:00:03     ; 1.0                     ; 336 MB              ; 00:00:03                           ;
; Partition Merge           ; 00:00:00     ; 1.0                     ; 301 MB              ; 00:00:01                           ;
; Fitter                    ; 00:00:04     ; 2.7                     ; 444 MB              ; 00:00:05                           ;
; Assembler                 ; 00:00:01     ; 1.0                     ; 284 MB              ; 00:00:01                           ;
; TimeQuest Timing Analyzer ; 00:00:03     ; 1.0                     ; 324 MB              ; 00:00:03                           ;
; EDA Netlist Writer        ; 00:00:02     ; 1.0                     ; 267 MB              ; 00:00:02                           ;
; Analysis & Synthesis      ; 00:00:00     ; 1.0                     ; 294 MB              ; 00:00:01                           ;
; Partition Merge           ; 00:00:01     ; 1.0                     ; 300 MB              ; 00:00:01                           ;
; Fitter                    ; 00:00:02     ; 1.0                     ; 438 MB              ; 00:00:03                           ;
; Assembler                 ; 00:00:01     ; 1.0                     ; 283 MB              ; 00:00:01                           ;
; TimeQuest Timing Analyzer ; 00:00:03     ; 1.0                     ; 319 MB              ; 00:00:02                           ;
; EDA Netlist Writer        ; 00:00:01     ; 1.0                     ; 260 MB              ; 00:00:01                           ;
; Analysis & Synthesis      ; 00:00:01     ; 1.0                     ; 310 MB              ; 00:00:02                           ;
; Partition Merge           ; 00:00:01     ; 1.0                     ; 296 MB              ; 00:00:00                           ;
; Fitter                    ; 00:00:03     ; 3.0                     ; 438 MB              ; 00:00:03                           ;
; Assembler                 ; 00:00:01     ; 1.0                     ; 283 MB              ; 00:00:01                           ;
; TimeQuest Timing Analyzer ; 00:00:02     ; 1.0                     ; 319 MB              ; 00:00:02                           ;
; EDA Netlist Writer        ; 00:00:01     ; 1.0                     ; 259 MB              ; 00:00:01                           ;
; Analysis & Synthesis      ; 00:00:01     ; 1.0                     ; 294 MB              ; 00:00:01                           ;
; Partition Merge           ; 00:00:00     ; 1.0                     ; 299 MB              ; 00:00:01                           ;
; Fitter                    ; 00:00:03     ; 1.0                     ; 438 MB              ; 00:00:03                           ;
; Assembler                 ; 00:00:01     ; 1.0                     ; 283 MB              ; 00:00:01                           ;
; TimeQuest Timing Analyzer ; 00:00:02     ; 1.0                     ; 318 MB              ; 00:00:02                           ;
; EDA Netlist Writer        ; 00:00:01     ; 1.0                     ; 259 MB              ; 00:00:01                           ;
; Analysis & Synthesis      ; 00:00:01     ; 1.0                     ; 294 MB              ; 00:00:01                           ;
; Partition Merge           ; 00:00:01     ; 1.0                     ; 299 MB              ; 00:00:00                           ;
; Fitter                    ; 00:00:03     ; 1.0                     ; 438 MB              ; 00:00:03                           ;
; Assembler                 ; 00:00:01     ; 1.0                     ; 283 MB              ; 00:00:01                           ;
; TimeQuest Timing Analyzer ; 00:00:02     ; 1.0                     ; 319 MB              ; 00:00:02                           ;
; EDA Netlist Writer        ; 00:00:01     ; 1.0                     ; 259 MB              ; 00:00:01                           ;
; Analysis & Synthesis      ; 00:00:01     ; 1.0                     ; 309 MB              ; 00:00:02                           ;
; Partition Merge           ; 00:00:01     ; 1.0                     ; 296 MB              ; 00:00:00                           ;
; Fitter                    ; 00:00:03     ; 1.0                     ; 446 MB              ; 00:00:04                           ;
; Assembler                 ; 00:00:01     ; 1.0                     ; 283 MB              ; 00:00:01                           ;
; TimeQuest Timing Analyzer ; 00:00:02     ; 1.0                     ; 319 MB              ; 00:00:02                           ;
; EDA Netlist Writer        ; 00:00:01     ; 1.0                     ; 259 MB              ; 00:00:01                           ;
; Analysis & Synthesis      ; 00:00:02     ; 1.0                     ; 309 MB              ; 00:00:02                           ;
; Partition Merge           ; 00:00:00     ; 1.0                     ; 296 MB              ; 00:00:00                           ;
; Fitter                    ; 00:00:03     ; 1.0                     ; 445 MB              ; 00:00:04                           ;
; Assembler                 ; 00:00:01     ; 1.0                     ; 283 MB              ; 00:00:01                           ;
; TimeQuest Timing Analyzer ; 00:00:03     ; 1.0                     ; 319 MB              ; 00:00:02                           ;
; EDA Netlist Writer        ; 00:00:01     ; 1.0                     ; 259 MB              ; 00:00:01                           ;
; Analysis & Synthesis      ; 00:00:02     ; 1.0                     ; 309 MB              ; 00:00:02                           ;
; Partition Merge           ; 00:00:00     ; 1.0                     ; 296 MB              ; 00:00:00                           ;
; Fitter                    ; 00:00:03     ; 1.0                     ; 446 MB              ; 00:00:04                           ;
; Assembler                 ; 00:00:01     ; 1.0                     ; 283 MB              ; 00:00:01                           ;
; TimeQuest Timing Analyzer ; 00:00:06     ; 1.0                     ; 319 MB              ; 00:00:02                           ;
; EDA Netlist Writer        ; 00:00:01     ; 1.0                     ; 259 MB              ; 00:00:01                           ;
; Analysis & Synthesis      ; 00:00:01     ; 1.0                     ; 307 MB              ; 00:00:02                           ;
; Partition Merge           ; 00:00:01     ; 1.0                     ; 296 MB              ; 00:00:00                           ;
; Fitter                    ; 00:00:03     ; 1.0                     ; 445 MB              ; 00:00:04                           ;
; Assembler                 ; 00:00:01     ; 1.0                     ; 283 MB              ; 00:00:01                           ;
; TimeQuest Timing Analyzer ; 00:00:02     ; 1.0                     ; 319 MB              ; 00:00:02                           ;
; EDA Netlist Writer        ; 00:00:01     ; 1.0                     ; 259 MB              ; 00:00:01                           ;
; Analysis & Synthesis      ; 00:00:01     ; 1.0                     ; 307 MB              ; 00:00:02                           ;
; Partition Merge           ; 00:00:01     ; 1.0                     ; 296 MB              ; 00:00:00                           ;
; Fitter                    ; 00:00:03     ; 3.0                     ; 446 MB              ; 00:00:04                           ;
; Assembler                 ; 00:00:01     ; 1.0                     ; 283 MB              ; 00:00:01                           ;
; TimeQuest Timing Analyzer ; 00:00:05     ; 1.0                     ; 319 MB              ; 00:00:02                           ;
; EDA Netlist Writer        ; 00:00:01     ; 1.0                     ; 259 MB              ; 00:00:01                           ;
; Analysis & Synthesis      ; 00:00:01     ; 1.0                     ; 307 MB              ; 00:00:02                           ;
; Partition Merge           ; 00:00:01     ; 1.0                     ; 296 MB              ; 00:00:00                           ;
; Fitter                    ; 00:00:03     ; 1.0                     ; 446 MB              ; 00:00:04                           ;
; Assembler                 ; 00:00:01     ; 1.0                     ; 283 MB              ; 00:00:01                           ;
; TimeQuest Timing Analyzer ; 00:00:02     ; 1.0                     ; 319 MB              ; 00:00:02                           ;
; EDA Netlist Writer        ; 00:00:01     ; 1.0                     ; 259 MB              ; 00:00:01                           ;
; Analysis & Synthesis      ; 00:00:01     ; 1.0                     ; 307 MB              ; 00:00:02                           ;
; Partition Merge           ; 00:00:01     ; 1.0                     ; 296 MB              ; 00:00:00                           ;
; Fitter                    ; 00:00:04     ; 3.0                     ; 446 MB              ; 00:00:04                           ;
; Assembler                 ; 00:00:01     ; 1.0                     ; 283 MB              ; 00:00:01                           ;
; TimeQuest Timing Analyzer ; 00:00:02     ; 1.0                     ; 319 MB              ; 00:00:02                           ;
; EDA Netlist Writer        ; 00:00:01     ; 1.0                     ; 259 MB              ; 00:00:01                           ;
; Analysis & Synthesis      ; 00:00:01     ; 1.0                     ; 307 MB              ; 00:00:02                           ;
; Partition Merge           ; 00:00:01     ; 1.0                     ; 296 MB              ; 00:00:00                           ;
; Fitter                    ; 00:00:03     ; 2.7                     ; 446 MB              ; 00:00:04                           ;
; Assembler                 ; 00:00:01     ; 1.0                     ; 283 MB              ; 00:00:01                           ;
; TimeQuest Timing Analyzer ; 00:00:02     ; 1.0                     ; 319 MB              ; 00:00:02                           ;
; EDA Netlist Writer        ; 00:00:01     ; 1.0                     ; 259 MB              ; 00:00:01                           ;
; Analysis & Synthesis      ; 00:00:01     ; 1.0                     ; 307 MB              ; 00:00:02                           ;
; Partition Merge           ; 00:00:01     ; 1.0                     ; 296 MB              ; 00:00:00                           ;
; Fitter                    ; 00:00:03     ; 1.0                     ; 446 MB              ; 00:00:04                           ;
; Assembler                 ; 00:00:01     ; 1.0                     ; 283 MB              ; 00:00:01                           ;
; TimeQuest Timing Analyzer ; 00:00:02     ; 1.0                     ; 319 MB              ; 00:00:02                           ;
; EDA Netlist Writer        ; 00:00:01     ; 1.0                     ; 259 MB              ; 00:00:01                           ;
; Analysis & Synthesis      ; 00:00:02     ; 1.0                     ; 307 MB              ; 00:00:02                           ;
; Partition Merge           ; 00:00:01     ; 1.0                     ; 296 MB              ; 00:00:00                           ;
; Fitter                    ; 00:00:03     ; 2.7                     ; 445 MB              ; 00:00:04                           ;
; Assembler                 ; 00:00:01     ; 1.0                     ; 283 MB              ; 00:00:01                           ;
; TimeQuest Timing Analyzer ; 00:00:02     ; 1.0                     ; 319 MB              ; 00:00:02                           ;
; EDA Netlist Writer        ; 00:00:01     ; 1.0                     ; 260 MB              ; 00:00:01                           ;
; Analysis & Synthesis      ; 00:00:03     ; 1.0                     ; 308 MB              ; 00:00:02                           ;
; Partition Merge           ; 00:00:01     ; 1.0                     ; 296 MB              ; 00:00:00                           ;
; Fitter                    ; 00:00:03     ; 1.0                     ; 446 MB              ; 00:00:04                           ;
; Assembler                 ; 00:00:01     ; 1.0                     ; 283 MB              ; 00:00:01                           ;
; TimeQuest Timing Analyzer ; 00:00:02     ; 1.0                     ; 319 MB              ; 00:00:02                           ;
; EDA Netlist Writer        ; 00:00:01     ; 1.0                     ; 261 MB              ; 00:00:01                           ;
; Analysis & Synthesis      ; 00:00:02     ; 1.0                     ; 319 MB              ; 00:00:02                           ;
; Partition Merge           ; 00:00:00     ; 1.0                     ; 296 MB              ; 00:00:00                           ;
; Fitter                    ; 00:00:03     ; 1.0                     ; 445 MB              ; 00:00:04                           ;
; Assembler                 ; 00:00:01     ; 1.0                     ; 283 MB              ; 00:00:01                           ;
; TimeQuest Timing Analyzer ; 00:00:02     ; 1.0                     ; 319 MB              ; 00:00:02                           ;
; EDA Netlist Writer        ; 00:00:01     ; 1.0                     ; 261 MB              ; 00:00:01                           ;
; Analysis & Synthesis      ; 00:00:01     ; 1.0                     ; 307 MB              ; 00:00:02                           ;
; Partition Merge           ; 00:00:01     ; 1.0                     ; 296 MB              ; 00:00:00                           ;
; Fitter                    ; 00:00:03     ; 1.0                     ; 446 MB              ; 00:00:04                           ;
; Assembler                 ; 00:00:01     ; 1.0                     ; 283 MB              ; 00:00:01                           ;
; TimeQuest Timing Analyzer ; 00:00:02     ; 1.0                     ; 319 MB              ; 00:00:02                           ;
; EDA Netlist Writer        ; 00:00:01     ; 1.0                     ; 259 MB              ; 00:00:01                           ;
; Analysis & Synthesis      ; 00:00:00     ; 1.0                     ; 286 MB              ; 00:00:01                           ;
; Analysis & Synthesis      ; 00:00:01     ; 1.0                     ; 293 MB              ; 00:00:01                           ;
; Analysis & Synthesis      ; 00:00:02     ; 1.0                     ; 307 MB              ; 00:00:02                           ;
; Partition Merge           ; 00:00:01     ; 1.0                     ; 296 MB              ; 00:00:00                           ;
; Fitter                    ; 00:00:03     ; 1.0                     ; 445 MB              ; 00:00:04                           ;
; Assembler                 ; 00:00:01     ; 1.0                     ; 283 MB              ; 00:00:01                           ;
; TimeQuest Timing Analyzer ; 00:00:02     ; 1.0                     ; 319 MB              ; 00:00:02                           ;
; EDA Netlist Writer        ; 00:00:01     ; 1.0                     ; 259 MB              ; 00:00:01                           ;
; Total                     ; 00:08:12     ; --                      ; --                  ; 00:08:43                           ;
+---------------------------+--------------+-------------------------+---------------------+------------------------------------+


+----------------------------------------------------------------------------------------+
; Flow OS Summary                                                                        ;
+---------------------------+------------------+-----------+------------+----------------+
; Module Name               ; Machine Hostname ; OS Name   ; OS Version ; Processor type ;
+---------------------------+------------------+-----------+------------+----------------+
; Analysis & Synthesis      ; sea-note         ; Windows 7 ; 6.1        ; x86_64         ;
; Fitter                    ; sea-note         ; Windows 7 ; 6.1        ; x86_64         ;
; Assembler                 ; sea-note         ; Windows 7 ; 6.1        ; x86_64         ;
; TimeQuest Timing Analyzer ; sea-note         ; Windows 7 ; 6.1        ; x86_64         ;
; EDA Netlist Writer        ; sea-note         ; Windows 7 ; 6.1        ; x86_64         ;
; Analysis & Synthesis      ; sea-note         ; Windows 7 ; 6.1        ; x86_64         ;
; Partition Merge           ; sea-note         ; Windows 7 ; 6.1        ; x86_64         ;
; Fitter                    ; sea-note         ; Windows 7 ; 6.1        ; x86_64         ;
; Assembler                 ; sea-note         ; Windows 7 ; 6.1        ; x86_64         ;
; TimeQuest Timing Analyzer ; sea-note         ; Windows 7 ; 6.1        ; x86_64         ;
; EDA Netlist Writer        ; sea-note         ; Windows 7 ; 6.1        ; x86_64         ;
; Analysis & Synthesis      ; sea-note         ; Windows 7 ; 6.1        ; x86_64         ;
; Partition Merge           ; sea-note         ; Windows 7 ; 6.1        ; x86_64         ;
; Fitter                    ; sea-note         ; Windows 7 ; 6.1        ; x86_64         ;
; Assembler                 ; sea-note         ; Windows 7 ; 6.1        ; x86_64         ;
; TimeQuest Timing Analyzer ; sea-note         ; Windows 7 ; 6.1        ; x86_64         ;
; EDA Netlist Writer        ; sea-note         ; Windows 7 ; 6.1        ; x86_64         ;
; Analysis & Synthesis      ; sea-note         ; Windows 7 ; 6.1        ; x86_64         ;
; Partition Merge           ; sea-note         ; Windows 7 ; 6.1        ; x86_64         ;
; Fitter                    ; sea-note         ; Windows 7 ; 6.1        ; x86_64         ;
; Assembler                 ; sea-note         ; Windows 7 ; 6.1        ; x86_64         ;
; TimeQuest Timing Analyzer ; sea-note         ; Windows 7 ; 6.1        ; x86_64         ;
; EDA Netlist Writer        ; sea-note         ; Windows 7 ; 6.1        ; x86_64         ;
; Analysis & Synthesis      ; sea-note         ; Windows 7 ; 6.1        ; x86_64         ;
; Analysis & Synthesis      ; sea-note         ; Windows 7 ; 6.1        ; x86_64         ;
; Partition Merge           ; sea-note         ; Windows 7 ; 6.1        ; x86_64         ;
; Fitter                    ; sea-note         ; Windows 7 ; 6.1        ; x86_64         ;
; Assembler                 ; sea-note         ; Windows 7 ; 6.1        ; x86_64         ;
; TimeQuest Timing Analyzer ; sea-note         ; Windows 7 ; 6.1        ; x86_64         ;
; EDA Netlist Writer        ; sea-note         ; Windows 7 ; 6.1        ; x86_64         ;
; Analysis & Synthesis      ; sea-note         ; Windows 7 ; 6.1        ; x86_64         ;
; Partition Merge           ; sea-note         ; Windows 7 ; 6.1        ; x86_64         ;
; Fitter                    ; sea-note         ; Windows 7 ; 6.1        ; x86_64         ;
; Assembler                 ; sea-note         ; Windows 7 ; 6.1        ; x86_64         ;
; TimeQuest Timing Analyzer ; sea-note         ; Windows 7 ; 6.1        ; x86_64         ;
; EDA Netlist Writer        ; sea-note         ; Windows 7 ; 6.1        ; x86_64         ;
; Analysis & Synthesis      ; sea-note         ; Windows 7 ; 6.1        ; x86_64         ;
; Partition Merge           ; sea-note         ; Windows 7 ; 6.1        ; x86_64         ;
; Fitter                    ; sea-note         ; Windows 7 ; 6.1        ; x86_64         ;
; Assembler                 ; sea-note         ; Windows 7 ; 6.1        ; x86_64         ;
; TimeQuest Timing Analyzer ; sea-note         ; Windows 7 ; 6.1        ; x86_64         ;
; EDA Netlist Writer        ; sea-note         ; Windows 7 ; 6.1        ; x86_64         ;
; Analysis & Synthesis      ; sea-note         ; Windows 7 ; 6.1        ; x86_64         ;
; Partition Merge           ; sea-note         ; Windows 7 ; 6.1        ; x86_64         ;
; Fitter                    ; sea-note         ; Windows 7 ; 6.1        ; x86_64         ;
; Assembler                 ; sea-note         ; Windows 7 ; 6.1        ; x86_64         ;
; TimeQuest Timing Analyzer ; sea-note         ; Windows 7 ; 6.1        ; x86_64         ;
; EDA Netlist Writer        ; sea-note         ; Windows 7 ; 6.1        ; x86_64         ;
; Analysis & Synthesis      ; sea-note         ; Windows 7 ; 6.1        ; x86_64         ;
; Partition Merge           ; sea-note         ; Windows 7 ; 6.1        ; x86_64         ;
; Fitter                    ; sea-note         ; Windows 7 ; 6.1        ; x86_64         ;
; Assembler                 ; sea-note         ; Windows 7 ; 6.1        ; x86_64         ;
; TimeQuest Timing Analyzer ; sea-note         ; Windows 7 ; 6.1        ; x86_64         ;
; EDA Netlist Writer        ; sea-note         ; Windows 7 ; 6.1        ; x86_64         ;
; Analysis & Synthesis      ; sea-note         ; Windows 7 ; 6.1        ; x86_64         ;
; Partition Merge           ; sea-note         ; Windows 7 ; 6.1        ; x86_64         ;
; Fitter                    ; sea-note         ; Windows 7 ; 6.1        ; x86_64         ;
; Assembler                 ; sea-note         ; Windows 7 ; 6.1        ; x86_64         ;
; TimeQuest Timing Analyzer ; sea-note         ; Windows 7 ; 6.1        ; x86_64         ;
; EDA Netlist Writer        ; sea-note         ; Windows 7 ; 6.1        ; x86_64         ;
; Analysis & Synthesis      ; sea-note         ; Windows 7 ; 6.1        ; x86_64         ;
; Partition Merge           ; sea-note         ; Windows 7 ; 6.1        ; x86_64         ;
; Fitter                    ; sea-note         ; Windows 7 ; 6.1        ; x86_64         ;
; Assembler                 ; sea-note         ; Windows 7 ; 6.1        ; x86_64         ;
; TimeQuest Timing Analyzer ; sea-note         ; Windows 7 ; 6.1        ; x86_64         ;
; EDA Netlist Writer        ; sea-note         ; Windows 7 ; 6.1        ; x86_64         ;
; Analysis & Synthesis      ; sea-note         ; Windows 7 ; 6.1        ; x86_64         ;
; Partition Merge           ; sea-note         ; Windows 7 ; 6.1        ; x86_64         ;
; Fitter                    ; sea-note         ; Windows 7 ; 6.1        ; x86_64         ;
; Assembler                 ; sea-note         ; Windows 7 ; 6.1        ; x86_64         ;
; TimeQuest Timing Analyzer ; sea-note         ; Windows 7 ; 6.1        ; x86_64         ;
; EDA Netlist Writer        ; sea-note         ; Windows 7 ; 6.1        ; x86_64         ;
; Analysis & Synthesis      ; sea-note         ; Windows 7 ; 6.1        ; x86_64         ;
; Partition Merge           ; sea-note         ; Windows 7 ; 6.1        ; x86_64         ;
; Fitter                    ; sea-note         ; Windows 7 ; 6.1        ; x86_64         ;
; Assembler                 ; sea-note         ; Windows 7 ; 6.1        ; x86_64         ;
; TimeQuest Timing Analyzer ; sea-note         ; Windows 7 ; 6.1        ; x86_64         ;
; EDA Netlist Writer        ; sea-note         ; Windows 7 ; 6.1        ; x86_64         ;
; Analysis & Synthesis      ; sea-note         ; Windows 7 ; 6.1        ; x86_64         ;
; Partition Merge           ; sea-note         ; Windows 7 ; 6.1        ; x86_64         ;
; Fitter                    ; sea-note         ; Windows 7 ; 6.1        ; x86_64         ;
; Assembler                 ; sea-note         ; Windows 7 ; 6.1        ; x86_64         ;
; TimeQuest Timing Analyzer ; sea-note         ; Windows 7 ; 6.1        ; x86_64         ;
; EDA Netlist Writer        ; sea-note         ; Windows 7 ; 6.1        ; x86_64         ;
; Analysis & Synthesis      ; sea-note         ; Windows 7 ; 6.1        ; x86_64         ;
; Analysis & Synthesis      ; sea-note         ; Windows 7 ; 6.1        ; x86_64         ;
; Partition Merge           ; sea-note         ; Windows 7 ; 6.1        ; x86_64         ;
; Fitter                    ; sea-note         ; Windows 7 ; 6.1        ; x86_64         ;
; Assembler                 ; sea-note         ; Windows 7 ; 6.1        ; x86_64         ;
; TimeQuest Timing Analyzer ; sea-note         ; Windows 7 ; 6.1        ; x86_64         ;
; EDA Netlist Writer        ; sea-note         ; Windows 7 ; 6.1        ; x86_64         ;
; Analysis & Synthesis      ; sea-note         ; Windows 7 ; 6.1        ; x86_64         ;
; Partition Merge           ; sea-note         ; Windows 7 ; 6.1        ; x86_64         ;
; Fitter                    ; sea-note         ; Windows 7 ; 6.1        ; x86_64         ;
; Assembler                 ; sea-note         ; Windows 7 ; 6.1        ; x86_64         ;
; TimeQuest Timing Analyzer ; sea-note         ; Windows 7 ; 6.1        ; x86_64         ;
; EDA Netlist Writer        ; sea-note         ; Windows 7 ; 6.1        ; x86_64         ;
; Analysis & Synthesis      ; sea-note         ; Windows 7 ; 6.1        ; x86_64         ;
; Analysis & Synthesis      ; sea-note         ; Windows 7 ; 6.1        ; x86_64         ;
; Analysis & Synthesis      ; sea-note         ; Windows 7 ; 6.1        ; x86_64         ;
; Partition Merge           ; sea-note         ; Windows 7 ; 6.1        ; x86_64         ;
; Fitter                    ; sea-note         ; Windows 7 ; 6.1        ; x86_64         ;
; Assembler                 ; sea-note         ; Windows 7 ; 6.1        ; x86_64         ;
; TimeQuest Timing Analyzer ; sea-note         ; Windows 7 ; 6.1        ; x86_64         ;
; EDA Netlist Writer        ; sea-note         ; Windows 7 ; 6.1        ; x86_64         ;
; Analysis & Synthesis      ; sea-note         ; Windows 7 ; 6.1        ; x86_64         ;
; Partition Merge           ; sea-note         ; Windows 7 ; 6.1        ; x86_64         ;
; Fitter                    ; sea-note         ; Windows 7 ; 6.1        ; x86_64         ;
; Assembler                 ; sea-note         ; Windows 7 ; 6.1        ; x86_64         ;
; TimeQuest Timing Analyzer ; sea-note         ; Windows 7 ; 6.1        ; x86_64         ;
; EDA Netlist Writer        ; sea-note         ; Windows 7 ; 6.1        ; x86_64         ;
; Analysis & Synthesis      ; sea-note         ; Windows 7 ; 6.1        ; x86_64         ;
; Analysis & Synthesis      ; sea-note         ; Windows 7 ; 6.1        ; x86_64         ;
; Partition Merge           ; sea-note         ; Windows 7 ; 6.1        ; x86_64         ;
; Fitter                    ; sea-note         ; Windows 7 ; 6.1        ; x86_64         ;
; Assembler                 ; sea-note         ; Windows 7 ; 6.1        ; x86_64         ;
; TimeQuest Timing Analyzer ; sea-note         ; Windows 7 ; 6.1        ; x86_64         ;
; EDA Netlist Writer        ; sea-note         ; Windows 7 ; 6.1        ; x86_64         ;
; Analysis & Synthesis      ; sea-note         ; Windows 7 ; 6.1        ; x86_64         ;
; Partition Merge           ; sea-note         ; Windows 7 ; 6.1        ; x86_64         ;
; Fitter                    ; sea-note         ; Windows 7 ; 6.1        ; x86_64         ;
; Assembler                 ; sea-note         ; Windows 7 ; 6.1        ; x86_64         ;
; TimeQuest Timing Analyzer ; sea-note         ; Windows 7 ; 6.1        ; x86_64         ;
; EDA Netlist Writer        ; sea-note         ; Windows 7 ; 6.1        ; x86_64         ;
; Analysis & Synthesis      ; sea-note         ; Windows 7 ; 6.1        ; x86_64         ;
; Partition Merge           ; sea-note         ; Windows 7 ; 6.1        ; x86_64         ;
; Fitter                    ; sea-note         ; Windows 7 ; 6.1        ; x86_64         ;
; Assembler                 ; sea-note         ; Windows 7 ; 6.1        ; x86_64         ;
; TimeQuest Timing Analyzer ; sea-note         ; Windows 7 ; 6.1        ; x86_64         ;
; EDA Netlist Writer        ; sea-note         ; Windows 7 ; 6.1        ; x86_64         ;
; Analysis & Synthesis      ; sea-note         ; Windows 7 ; 6.1        ; x86_64         ;
; Partition Merge           ; sea-note         ; Windows 7 ; 6.1        ; x86_64         ;
; Fitter                    ; sea-note         ; Windows 7 ; 6.1        ; x86_64         ;
; Assembler                 ; sea-note         ; Windows 7 ; 6.1        ; x86_64         ;
; TimeQuest Timing Analyzer ; sea-note         ; Windows 7 ; 6.1        ; x86_64         ;
; EDA Netlist Writer        ; sea-note         ; Windows 7 ; 6.1        ; x86_64         ;
; Analysis & Synthesis      ; sea-note         ; Windows 7 ; 6.1        ; x86_64         ;
; Partition Merge           ; sea-note         ; Windows 7 ; 6.1        ; x86_64         ;
; Fitter                    ; sea-note         ; Windows 7 ; 6.1        ; x86_64         ;
; Assembler                 ; sea-note         ; Windows 7 ; 6.1        ; x86_64         ;
; TimeQuest Timing Analyzer ; sea-note         ; Windows 7 ; 6.1        ; x86_64         ;
; EDA Netlist Writer        ; sea-note         ; Windows 7 ; 6.1        ; x86_64         ;
; Analysis & Synthesis      ; sea-note         ; Windows 7 ; 6.1        ; x86_64         ;
; Partition Merge           ; sea-note         ; Windows 7 ; 6.1        ; x86_64         ;
; Fitter                    ; sea-note         ; Windows 7 ; 6.1        ; x86_64         ;
; Assembler                 ; sea-note         ; Windows 7 ; 6.1        ; x86_64         ;
; TimeQuest Timing Analyzer ; sea-note         ; Windows 7 ; 6.1        ; x86_64         ;
; EDA Netlist Writer        ; sea-note         ; Windows 7 ; 6.1        ; x86_64         ;
; Analysis & Synthesis      ; sea-note         ; Windows 7 ; 6.1        ; x86_64         ;
; Partition Merge           ; sea-note         ; Windows 7 ; 6.1        ; x86_64         ;
; Fitter                    ; sea-note         ; Windows 7 ; 6.1        ; x86_64         ;
; Assembler                 ; sea-note         ; Windows 7 ; 6.1        ; x86_64         ;
; TimeQuest Timing Analyzer ; sea-note         ; Windows 7 ; 6.1        ; x86_64         ;
; EDA Netlist Writer        ; sea-note         ; Windows 7 ; 6.1        ; x86_64         ;
; Analysis & Synthesis      ; sea-note         ; Windows 7 ; 6.1        ; x86_64         ;
; Partition Merge           ; sea-note         ; Windows 7 ; 6.1        ; x86_64         ;
; Fitter                    ; sea-note         ; Windows 7 ; 6.1        ; x86_64         ;
; Assembler                 ; sea-note         ; Windows 7 ; 6.1        ; x86_64         ;
; TimeQuest Timing Analyzer ; sea-note         ; Windows 7 ; 6.1        ; x86_64         ;
; EDA Netlist Writer        ; sea-note         ; Windows 7 ; 6.1        ; x86_64         ;
; Analysis & Synthesis      ; sea-note         ; Windows 7 ; 6.1        ; x86_64         ;
; Partition Merge           ; sea-note         ; Windows 7 ; 6.1        ; x86_64         ;
; Fitter                    ; sea-note         ; Windows 7 ; 6.1        ; x86_64         ;
; Assembler                 ; sea-note         ; Windows 7 ; 6.1        ; x86_64         ;
; TimeQuest Timing Analyzer ; sea-note         ; Windows 7 ; 6.1        ; x86_64         ;
; EDA Netlist Writer        ; sea-note         ; Windows 7 ; 6.1        ; x86_64         ;
; Analysis & Synthesis      ; sea-note         ; Windows 7 ; 6.1        ; x86_64         ;
; Partition Merge           ; sea-note         ; Windows 7 ; 6.1        ; x86_64         ;
; Fitter                    ; sea-note         ; Windows 7 ; 6.1        ; x86_64         ;
; Assembler                 ; sea-note         ; Windows 7 ; 6.1        ; x86_64         ;
; TimeQuest Timing Analyzer ; sea-note         ; Windows 7 ; 6.1        ; x86_64         ;
; EDA Netlist Writer        ; sea-note         ; Windows 7 ; 6.1        ; x86_64         ;
; Analysis & Synthesis      ; sea-note         ; Windows 7 ; 6.1        ; x86_64         ;
; Partition Merge           ; sea-note         ; Windows 7 ; 6.1        ; x86_64         ;
; Fitter                    ; sea-note         ; Windows 7 ; 6.1        ; x86_64         ;
; Assembler                 ; sea-note         ; Windows 7 ; 6.1        ; x86_64         ;
; TimeQuest Timing Analyzer ; sea-note         ; Windows 7 ; 6.1        ; x86_64         ;
; EDA Netlist Writer        ; sea-note         ; Windows 7 ; 6.1        ; x86_64         ;
; Analysis & Synthesis      ; sea-note         ; Windows 7 ; 6.1        ; x86_64         ;
; Partition Merge           ; sea-note         ; Windows 7 ; 6.1        ; x86_64         ;
; Fitter                    ; sea-note         ; Windows 7 ; 6.1        ; x86_64         ;
; Assembler                 ; sea-note         ; Windows 7 ; 6.1        ; x86_64         ;
; TimeQuest Timing Analyzer ; sea-note         ; Windows 7 ; 6.1        ; x86_64         ;
; EDA Netlist Writer        ; sea-note         ; Windows 7 ; 6.1        ; x86_64         ;
; Analysis & Synthesis      ; sea-note         ; Windows 7 ; 6.1        ; x86_64         ;
; Partition Merge           ; sea-note         ; Windows 7 ; 6.1        ; x86_64         ;
; Fitter                    ; sea-note         ; Windows 7 ; 6.1        ; x86_64         ;
; Assembler                 ; sea-note         ; Windows 7 ; 6.1        ; x86_64         ;
; TimeQuest Timing Analyzer ; sea-note         ; Windows 7 ; 6.1        ; x86_64         ;
; EDA Netlist Writer        ; sea-note         ; Windows 7 ; 6.1        ; x86_64         ;
; Analysis & Synthesis      ; sea-note         ; Windows 7 ; 6.1        ; x86_64         ;
; Partition Merge           ; sea-note         ; Windows 7 ; 6.1        ; x86_64         ;
; Fitter                    ; sea-note         ; Windows 7 ; 6.1        ; x86_64         ;
; Assembler                 ; sea-note         ; Windows 7 ; 6.1        ; x86_64         ;
; TimeQuest Timing Analyzer ; sea-note         ; Windows 7 ; 6.1        ; x86_64         ;
; EDA Netlist Writer        ; sea-note         ; Windows 7 ; 6.1        ; x86_64         ;
; Analysis & Synthesis      ; sea-note         ; Windows 7 ; 6.1        ; x86_64         ;
; Partition Merge           ; sea-note         ; Windows 7 ; 6.1        ; x86_64         ;
; Fitter                    ; sea-note         ; Windows 7 ; 6.1        ; x86_64         ;
; Assembler                 ; sea-note         ; Windows 7 ; 6.1        ; x86_64         ;
; TimeQuest Timing Analyzer ; sea-note         ; Windows 7 ; 6.1        ; x86_64         ;
; EDA Netlist Writer        ; sea-note         ; Windows 7 ; 6.1        ; x86_64         ;
; Analysis & Synthesis      ; sea-note         ; Windows 7 ; 6.1        ; x86_64         ;
; Partition Merge           ; sea-note         ; Windows 7 ; 6.1        ; x86_64         ;
; Fitter                    ; sea-note         ; Windows 7 ; 6.1        ; x86_64         ;
; Assembler                 ; sea-note         ; Windows 7 ; 6.1        ; x86_64         ;
; TimeQuest Timing Analyzer ; sea-note         ; Windows 7 ; 6.1        ; x86_64         ;
; EDA Netlist Writer        ; sea-note         ; Windows 7 ; 6.1        ; x86_64         ;
; Analysis & Synthesis      ; sea-note         ; Windows 7 ; 6.1        ; x86_64         ;
; Partition Merge           ; sea-note         ; Windows 7 ; 6.1        ; x86_64         ;
; Fitter                    ; sea-note         ; Windows 7 ; 6.1        ; x86_64         ;
; Assembler                 ; sea-note         ; Windows 7 ; 6.1        ; x86_64         ;
; TimeQuest Timing Analyzer ; sea-note         ; Windows 7 ; 6.1        ; x86_64         ;
; EDA Netlist Writer        ; sea-note         ; Windows 7 ; 6.1        ; x86_64         ;
; Analysis & Synthesis      ; sea-note         ; Windows 7 ; 6.1        ; x86_64         ;
; Partition Merge           ; sea-note         ; Windows 7 ; 6.1        ; x86_64         ;
; Fitter                    ; sea-note         ; Windows 7 ; 6.1        ; x86_64         ;
; Assembler                 ; sea-note         ; Windows 7 ; 6.1        ; x86_64         ;
; TimeQuest Timing Analyzer ; sea-note         ; Windows 7 ; 6.1        ; x86_64         ;
; EDA Netlist Writer        ; sea-note         ; Windows 7 ; 6.1        ; x86_64         ;
; Analysis & Synthesis      ; sea-note         ; Windows 7 ; 6.1        ; x86_64         ;
; Partition Merge           ; sea-note         ; Windows 7 ; 6.1        ; x86_64         ;
; Fitter                    ; sea-note         ; Windows 7 ; 6.1        ; x86_64         ;
; Assembler                 ; sea-note         ; Windows 7 ; 6.1        ; x86_64         ;
; TimeQuest Timing Analyzer ; sea-note         ; Windows 7 ; 6.1        ; x86_64         ;
; EDA Netlist Writer        ; sea-note         ; Windows 7 ; 6.1        ; x86_64         ;
; Analysis & Synthesis      ; sea-note         ; Windows 7 ; 6.1        ; x86_64         ;
; Partition Merge           ; sea-note         ; Windows 7 ; 6.1        ; x86_64         ;
; Fitter                    ; sea-note         ; Windows 7 ; 6.1        ; x86_64         ;
; Assembler                 ; sea-note         ; Windows 7 ; 6.1        ; x86_64         ;
; TimeQuest Timing Analyzer ; sea-note         ; Windows 7 ; 6.1        ; x86_64         ;
; EDA Netlist Writer        ; sea-note         ; Windows 7 ; 6.1        ; x86_64         ;
; Analysis & Synthesis      ; sea-note         ; Windows 7 ; 6.1        ; x86_64         ;
; Partition Merge           ; sea-note         ; Windows 7 ; 6.1        ; x86_64         ;
; Fitter                    ; sea-note         ; Windows 7 ; 6.1        ; x86_64         ;
; Assembler                 ; sea-note         ; Windows 7 ; 6.1        ; x86_64         ;
; TimeQuest Timing Analyzer ; sea-note         ; Windows 7 ; 6.1        ; x86_64         ;
; EDA Netlist Writer        ; sea-note         ; Windows 7 ; 6.1        ; x86_64         ;
; Analysis & Synthesis      ; sea-note         ; Windows 7 ; 6.1        ; x86_64         ;
; Partition Merge           ; sea-note         ; Windows 7 ; 6.1        ; x86_64         ;
; Fitter                    ; sea-note         ; Windows 7 ; 6.1        ; x86_64         ;
; Assembler                 ; sea-note         ; Windows 7 ; 6.1        ; x86_64         ;
; TimeQuest Timing Analyzer ; sea-note         ; Windows 7 ; 6.1        ; x86_64         ;
; EDA Netlist Writer        ; sea-note         ; Windows 7 ; 6.1        ; x86_64         ;
; Analysis & Synthesis      ; sea-note         ; Windows 7 ; 6.1        ; x86_64         ;
; Analysis & Synthesis      ; sea-note         ; Windows 7 ; 6.1        ; x86_64         ;
; Analysis & Synthesis      ; sea-note         ; Windows 7 ; 6.1        ; x86_64         ;
; Partition Merge           ; sea-note         ; Windows 7 ; 6.1        ; x86_64         ;
; Fitter                    ; sea-note         ; Windows 7 ; 6.1        ; x86_64         ;
; Assembler                 ; sea-note         ; Windows 7 ; 6.1        ; x86_64         ;
; TimeQuest Timing Analyzer ; sea-note         ; Windows 7 ; 6.1        ; x86_64         ;
; EDA Netlist Writer        ; sea-note         ; Windows 7 ; 6.1        ; x86_64         ;
+---------------------------+------------------+-----------+------------+----------------+


------------
; Flow Log ;
------------
quartus_map --read_settings_files=on --write_settings_files=off I2S_DAC -c I2S_DAC
quartus_fit --read_settings_files=off --write_settings_files=off I2S_DAC -c I2S_DAC
quartus_asm --read_settings_files=off --write_settings_files=off I2S_DAC -c I2S_DAC
quartus_sta I2S_DAC -c I2S_DAC
quartus_eda --read_settings_files=off --write_settings_files=off I2S_DAC -c I2S_DAC
quartus_map --read_settings_files=on --write_settings_files=off I2S_DAC -c I2S_DAC
quartus_cdb --read_settings_files=off --write_settings_files=off I2S_DAC -c I2S_DAC --merge=on
quartus_fit --read_settings_files=off --write_settings_files=off I2S_DAC -c I2S_DAC
quartus_asm --read_settings_files=off --write_settings_files=off I2S_DAC -c I2S_DAC
quartus_sta I2S_DAC -c I2S_DAC
quartus_eda --read_settings_files=off --write_settings_files=off I2S_DAC -c I2S_DAC
quartus_map --read_settings_files=on --write_settings_files=off I2S_DAC -c I2S_DAC
quartus_cdb --read_settings_files=off --write_settings_files=off I2S_DAC -c I2S_DAC --merge=on
quartus_fit --read_settings_files=off --write_settings_files=off I2S_DAC -c I2S_DAC
quartus_asm --read_settings_files=off --write_settings_files=off I2S_DAC -c I2S_DAC
quartus_sta I2S_DAC -c I2S_DAC
quartus_eda --read_settings_files=off --write_settings_files=off I2S_DAC -c I2S_DAC
quartus_map --read_settings_files=on --write_settings_files=off I2S_DAC -c I2S_DAC
quartus_cdb --read_settings_files=off --write_settings_files=off I2S_DAC -c I2S_DAC --merge=on
quartus_fit --read_settings_files=off --write_settings_files=off I2S_DAC -c I2S_DAC
quartus_asm --read_settings_files=off --write_settings_files=off I2S_DAC -c I2S_DAC
quartus_sta I2S_DAC -c I2S_DAC
quartus_eda --read_settings_files=off --write_settings_files=off I2S_DAC -c I2S_DAC
quartus_map --read_settings_files=on --write_settings_files=off I2S_DAC -c I2S_DAC
quartus_map --read_settings_files=on --write_settings_files=off I2S_DAC -c I2S_DAC
quartus_cdb --read_settings_files=off --write_settings_files=off I2S_DAC -c I2S_DAC --merge=on
quartus_fit --read_settings_files=off --write_settings_files=off I2S_DAC -c I2S_DAC
quartus_asm --read_settings_files=off --write_settings_files=off I2S_DAC -c I2S_DAC
quartus_sta I2S_DAC -c I2S_DAC
quartus_eda --read_settings_files=off --write_settings_files=off I2S_DAC -c I2S_DAC
quartus_map --read_settings_files=on --write_settings_files=off I2S_DAC -c I2S_DAC
quartus_cdb --read_settings_files=off --write_settings_files=off I2S_DAC -c I2S_DAC --merge=on
quartus_fit --read_settings_files=off --write_settings_files=off I2S_DAC -c I2S_DAC
quartus_asm --read_settings_files=off --write_settings_files=off I2S_DAC -c I2S_DAC
quartus_sta I2S_DAC -c I2S_DAC
quartus_eda --read_settings_files=off --write_settings_files=off I2S_DAC -c I2S_DAC
quartus_map --read_settings_files=on --write_settings_files=off I2S_DAC -c I2S_DAC
quartus_cdb --read_settings_files=off --write_settings_files=off I2S_DAC -c I2S_DAC --merge=on
quartus_fit --read_settings_files=off --write_settings_files=off I2S_DAC -c I2S_DAC
quartus_asm --read_settings_files=off --write_settings_files=off I2S_DAC -c I2S_DAC
quartus_sta I2S_DAC -c I2S_DAC
quartus_eda --read_settings_files=off --write_settings_files=off I2S_DAC -c I2S_DAC
quartus_map --read_settings_files=on --write_settings_files=off I2S_DAC -c I2S_DAC
quartus_cdb --read_settings_files=off --write_settings_files=off I2S_DAC -c I2S_DAC --merge=on
quartus_fit --read_settings_files=off --write_settings_files=off I2S_DAC -c I2S_DAC
quartus_asm --read_settings_files=off --write_settings_files=off I2S_DAC -c I2S_DAC
quartus_sta I2S_DAC -c I2S_DAC
quartus_eda --read_settings_files=off --write_settings_files=off I2S_DAC -c I2S_DAC
quartus_map --read_settings_files=on --write_settings_files=off I2S_DAC -c I2S_DAC
quartus_cdb --read_settings_files=off --write_settings_files=off I2S_DAC -c I2S_DAC --merge=on
quartus_fit --read_settings_files=off --write_settings_files=off I2S_DAC -c I2S_DAC
quartus_asm --read_settings_files=off --write_settings_files=off I2S_DAC -c I2S_DAC
quartus_sta I2S_DAC -c I2S_DAC
quartus_eda --read_settings_files=off --write_settings_files=off I2S_DAC -c I2S_DAC
quartus_map --read_settings_files=on --write_settings_files=off I2S_DAC -c I2S_DAC
quartus_cdb --read_settings_files=off --write_settings_files=off I2S_DAC -c I2S_DAC --merge=on
quartus_fit --read_settings_files=off --write_settings_files=off I2S_DAC -c I2S_DAC
quartus_asm --read_settings_files=off --write_settings_files=off I2S_DAC -c I2S_DAC
quartus_sta I2S_DAC -c I2S_DAC
quartus_eda --read_settings_files=off --write_settings_files=off I2S_DAC -c I2S_DAC
quartus_map --read_settings_files=on --write_settings_files=off I2S_DAC -c I2S_DAC
quartus_cdb --read_settings_files=off --write_settings_files=off I2S_DAC -c I2S_DAC --merge=on
quartus_fit --read_settings_files=off --write_settings_files=off I2S_DAC -c I2S_DAC
quartus_asm --read_settings_files=off --write_settings_files=off I2S_DAC -c I2S_DAC
quartus_sta I2S_DAC -c I2S_DAC
quartus_eda --read_settings_files=off --write_settings_files=off I2S_DAC -c I2S_DAC
quartus_map --read_settings_files=on --write_settings_files=off I2S_DAC -c I2S_DAC
quartus_cdb --read_settings_files=off --write_settings_files=off I2S_DAC -c I2S_DAC --merge=on
quartus_fit --read_settings_files=off --write_settings_files=off I2S_DAC -c I2S_DAC
quartus_asm --read_settings_files=off --write_settings_files=off I2S_DAC -c I2S_DAC
quartus_sta I2S_DAC -c I2S_DAC
quartus_eda --read_settings_files=off --write_settings_files=off I2S_DAC -c I2S_DAC
quartus_map --read_settings_files=on --write_settings_files=off I2S_DAC -c I2S_DAC
quartus_cdb --read_settings_files=off --write_settings_files=off I2S_DAC -c I2S_DAC --merge=on
quartus_fit --read_settings_files=off --write_settings_files=off I2S_DAC -c I2S_DAC
quartus_asm --read_settings_files=off --write_settings_files=off I2S_DAC -c I2S_DAC
quartus_sta I2S_DAC -c I2S_DAC
quartus_eda --read_settings_files=off --write_settings_files=off I2S_DAC -c I2S_DAC
quartus_map --read_settings_files=on --write_settings_files=off I2S_DAC -c I2S_DAC
quartus_cdb --read_settings_files=off --write_settings_files=off I2S_DAC -c I2S_DAC --merge=on
quartus_fit --read_settings_files=off --write_settings_files=off I2S_DAC -c I2S_DAC
quartus_asm --read_settings_files=off --write_settings_files=off I2S_DAC -c I2S_DAC
quartus_sta I2S_DAC -c I2S_DAC
quartus_eda --read_settings_files=off --write_settings_files=off I2S_DAC -c I2S_DAC
quartus_map --read_settings_files=on --write_settings_files=off I2S_DAC -c I2S_DAC
quartus_map --read_settings_files=on --write_settings_files=off I2S_DAC -c I2S_DAC
quartus_cdb --read_settings_files=off --write_settings_files=off I2S_DAC -c I2S_DAC --merge=on
quartus_fit --read_settings_files=off --write_settings_files=off I2S_DAC -c I2S_DAC
quartus_asm --read_settings_files=off --write_settings_files=off I2S_DAC -c I2S_DAC
quartus_sta I2S_DAC -c I2S_DAC
quartus_eda --read_settings_files=off --write_settings_files=off I2S_DAC -c I2S_DAC
quartus_map --read_settings_files=on --write_settings_files=off I2S_DAC -c I2S_DAC
quartus_cdb --read_settings_files=off --write_settings_files=off I2S_DAC -c I2S_DAC --merge=on
quartus_fit --read_settings_files=off --write_settings_files=off I2S_DAC -c I2S_DAC
quartus_asm --read_settings_files=off --write_settings_files=off I2S_DAC -c I2S_DAC
quartus_sta I2S_DAC -c I2S_DAC
quartus_eda --read_settings_files=off --write_settings_files=off I2S_DAC -c I2S_DAC
quartus_map --read_settings_files=on --write_settings_files=off I2S_DAC -c I2S_DAC
quartus_map --read_settings_files=on --write_settings_files=off I2S_DAC -c I2S_DAC
quartus_map --read_settings_files=on --write_settings_files=off I2S_DAC -c I2S_DAC
quartus_cdb --read_settings_files=off --write_settings_files=off I2S_DAC -c I2S_DAC --merge=on
quartus_fit --read_settings_files=off --write_settings_files=off I2S_DAC -c I2S_DAC
quartus_asm --read_settings_files=off --write_settings_files=off I2S_DAC -c I2S_DAC
quartus_sta I2S_DAC -c I2S_DAC
quartus_eda --read_settings_files=off --write_settings_files=off I2S_DAC -c I2S_DAC
quartus_map --read_settings_files=on --write_settings_files=off I2S_DAC -c I2S_DAC
quartus_cdb --read_settings_files=off --write_settings_files=off I2S_DAC -c I2S_DAC --merge=on
quartus_fit --read_settings_files=off --write_settings_files=off I2S_DAC -c I2S_DAC
quartus_asm --read_settings_files=off --write_settings_files=off I2S_DAC -c I2S_DAC
quartus_sta I2S_DAC -c I2S_DAC
quartus_eda --read_settings_files=off --write_settings_files=off I2S_DAC -c I2S_DAC
quartus_map --read_settings_files=on --write_settings_files=off I2S_DAC -c I2S_DAC
quartus_map --read_settings_files=on --write_settings_files=off I2S_DAC -c I2S_DAC
quartus_cdb --read_settings_files=off --write_settings_files=off I2S_DAC -c I2S_DAC --merge=on
quartus_fit --read_settings_files=off --write_settings_files=off I2S_DAC -c I2S_DAC
quartus_asm --read_settings_files=off --write_settings_files=off I2S_DAC -c I2S_DAC
quartus_sta I2S_DAC -c I2S_DAC
quartus_eda --read_settings_files=off --write_settings_files=off I2S_DAC -c I2S_DAC
quartus_map --read_settings_files=on --write_settings_files=off I2S_DAC -c I2S_DAC
quartus_cdb --read_settings_files=off --write_settings_files=off I2S_DAC -c I2S_DAC --merge=on
quartus_fit --read_settings_files=off --write_settings_files=off I2S_DAC -c I2S_DAC
quartus_asm --read_settings_files=off --write_settings_files=off I2S_DAC -c I2S_DAC
quartus_sta I2S_DAC -c I2S_DAC
quartus_eda --read_settings_files=off --write_settings_files=off I2S_DAC -c I2S_DAC
quartus_map --read_settings_files=on --write_settings_files=off I2S_DAC -c I2S_DAC
quartus_cdb --read_settings_files=off --write_settings_files=off I2S_DAC -c I2S_DAC --merge=on
quartus_fit --read_settings_files=off --write_settings_files=off I2S_DAC -c I2S_DAC
quartus_asm --read_settings_files=off --write_settings_files=off I2S_DAC -c I2S_DAC
quartus_sta I2S_DAC -c I2S_DAC
quartus_eda --read_settings_files=off --write_settings_files=off I2S_DAC -c I2S_DAC
quartus_map --read_settings_files=on --write_settings_files=off I2S_DAC -c I2S_DAC
quartus_cdb --read_settings_files=off --write_settings_files=off I2S_DAC -c I2S_DAC --merge=on
quartus_fit --read_settings_files=off --write_settings_files=off I2S_DAC -c I2S_DAC
quartus_asm --read_settings_files=off --write_settings_files=off I2S_DAC -c I2S_DAC
quartus_sta I2S_DAC -c I2S_DAC
quartus_eda --read_settings_files=off --write_settings_files=off I2S_DAC -c I2S_DAC
quartus_map --read_settings_files=on --write_settings_files=off I2S_DAC -c I2S_DAC
quartus_cdb --read_settings_files=off --write_settings_files=off I2S_DAC -c I2S_DAC --merge=on
quartus_fit --read_settings_files=off --write_settings_files=off I2S_DAC -c I2S_DAC
quartus_asm --read_settings_files=off --write_settings_files=off I2S_DAC -c I2S_DAC
quartus_sta I2S_DAC -c I2S_DAC
quartus_eda --read_settings_files=off --write_settings_files=off I2S_DAC -c I2S_DAC
quartus_map --read_settings_files=on --write_settings_files=off I2S_DAC -c I2S_DAC
quartus_cdb --read_settings_files=off --write_settings_files=off I2S_DAC -c I2S_DAC --merge=on
quartus_fit --read_settings_files=off --write_settings_files=off I2S_DAC -c I2S_DAC
quartus_asm --read_settings_files=off --write_settings_files=off I2S_DAC -c I2S_DAC
quartus_sta I2S_DAC -c I2S_DAC
quartus_eda --read_settings_files=off --write_settings_files=off I2S_DAC -c I2S_DAC
quartus_map --read_settings_files=on --write_settings_files=off I2S_DAC -c I2S_DAC
quartus_cdb --read_settings_files=off --write_settings_files=off I2S_DAC -c I2S_DAC --merge=on
quartus_fit --read_settings_files=off --write_settings_files=off I2S_DAC -c I2S_DAC
quartus_asm --read_settings_files=off --write_settings_files=off I2S_DAC -c I2S_DAC
quartus_sta I2S_DAC -c I2S_DAC
quartus_eda --read_settings_files=off --write_settings_files=off I2S_DAC -c I2S_DAC
quartus_map --read_settings_files=on --write_settings_files=off I2S_DAC -c I2S_DAC
quartus_cdb --read_settings_files=off --write_settings_files=off I2S_DAC -c I2S_DAC --merge=on
quartus_fit --read_settings_files=off --write_settings_files=off I2S_DAC -c I2S_DAC
quartus_asm --read_settings_files=off --write_settings_files=off I2S_DAC -c I2S_DAC
quartus_sta I2S_DAC -c I2S_DAC
quartus_eda --read_settings_files=off --write_settings_files=off I2S_DAC -c I2S_DAC
quartus_map --read_settings_files=on --write_settings_files=off I2S_DAC -c I2S_DAC
quartus_cdb --read_settings_files=off --write_settings_files=off I2S_DAC -c I2S_DAC --merge=on
quartus_fit --read_settings_files=off --write_settings_files=off I2S_DAC -c I2S_DAC
quartus_asm --read_settings_files=off --write_settings_files=off I2S_DAC -c I2S_DAC
quartus_sta I2S_DAC -c I2S_DAC
quartus_eda --read_settings_files=off --write_settings_files=off I2S_DAC -c I2S_DAC
quartus_map --read_settings_files=on --write_settings_files=off I2S_DAC -c I2S_DAC
quartus_cdb --read_settings_files=off --write_settings_files=off I2S_DAC -c I2S_DAC --merge=on
quartus_fit --read_settings_files=off --write_settings_files=off I2S_DAC -c I2S_DAC
quartus_asm --read_settings_files=off --write_settings_files=off I2S_DAC -c I2S_DAC
quartus_sta I2S_DAC -c I2S_DAC
quartus_eda --read_settings_files=off --write_settings_files=off I2S_DAC -c I2S_DAC
quartus_map --read_settings_files=on --write_settings_files=off I2S_DAC -c I2S_DAC
quartus_cdb --read_settings_files=off --write_settings_files=off I2S_DAC -c I2S_DAC --merge=on
quartus_fit --read_settings_files=off --write_settings_files=off I2S_DAC -c I2S_DAC
quartus_asm --read_settings_files=off --write_settings_files=off I2S_DAC -c I2S_DAC
quartus_sta I2S_DAC -c I2S_DAC
quartus_eda --read_settings_files=off --write_settings_files=off I2S_DAC -c I2S_DAC
quartus_map --read_settings_files=on --write_settings_files=off I2S_DAC -c I2S_DAC
quartus_cdb --read_settings_files=off --write_settings_files=off I2S_DAC -c I2S_DAC --merge=on
quartus_fit --read_settings_files=off --write_settings_files=off I2S_DAC -c I2S_DAC
quartus_asm --read_settings_files=off --write_settings_files=off I2S_DAC -c I2S_DAC
quartus_sta I2S_DAC -c I2S_DAC
quartus_eda --read_settings_files=off --write_settings_files=off I2S_DAC -c I2S_DAC
quartus_map --read_settings_files=on --write_settings_files=off I2S_DAC -c I2S_DAC
quartus_cdb --read_settings_files=off --write_settings_files=off I2S_DAC -c I2S_DAC --merge=on
quartus_fit --read_settings_files=off --write_settings_files=off I2S_DAC -c I2S_DAC
quartus_asm --read_settings_files=off --write_settings_files=off I2S_DAC -c I2S_DAC
quartus_sta I2S_DAC -c I2S_DAC
quartus_eda --read_settings_files=off --write_settings_files=off I2S_DAC -c I2S_DAC
quartus_map --read_settings_files=on --write_settings_files=off I2S_DAC -c I2S_DAC
quartus_cdb --read_settings_files=off --write_settings_files=off I2S_DAC -c I2S_DAC --merge=on
quartus_fit --read_settings_files=off --write_settings_files=off I2S_DAC -c I2S_DAC
quartus_asm --read_settings_files=off --write_settings_files=off I2S_DAC -c I2S_DAC
quartus_sta I2S_DAC -c I2S_DAC
quartus_eda --read_settings_files=off --write_settings_files=off I2S_DAC -c I2S_DAC
quartus_map --read_settings_files=on --write_settings_files=off I2S_DAC -c I2S_DAC
quartus_cdb --read_settings_files=off --write_settings_files=off I2S_DAC -c I2S_DAC --merge=on
quartus_fit --read_settings_files=off --write_settings_files=off I2S_DAC -c I2S_DAC
quartus_asm --read_settings_files=off --write_settings_files=off I2S_DAC -c I2S_DAC
quartus_sta I2S_DAC -c I2S_DAC
quartus_eda --read_settings_files=off --write_settings_files=off I2S_DAC -c I2S_DAC
quartus_map --read_settings_files=on --write_settings_files=off I2S_DAC -c I2S_DAC
quartus_cdb --read_settings_files=off --write_settings_files=off I2S_DAC -c I2S_DAC --merge=on
quartus_fit --read_settings_files=off --write_settings_files=off I2S_DAC -c I2S_DAC
quartus_asm --read_settings_files=off --write_settings_files=off I2S_DAC -c I2S_DAC
quartus_sta I2S_DAC -c I2S_DAC
quartus_eda --read_settings_files=off --write_settings_files=off I2S_DAC -c I2S_DAC
quartus_map --read_settings_files=on --write_settings_files=off I2S_DAC -c I2S_DAC
quartus_cdb --read_settings_files=off --write_settings_files=off I2S_DAC -c I2S_DAC --merge=on
quartus_fit --read_settings_files=off --write_settings_files=off I2S_DAC -c I2S_DAC
quartus_asm --read_settings_files=off --write_settings_files=off I2S_DAC -c I2S_DAC
quartus_sta I2S_DAC -c I2S_DAC
quartus_eda --read_settings_files=off --write_settings_files=off I2S_DAC -c I2S_DAC
quartus_map --read_settings_files=on --write_settings_files=off I2S_DAC -c I2S_DAC
quartus_cdb --read_settings_files=off --write_settings_files=off I2S_DAC -c I2S_DAC --merge=on
quartus_fit --read_settings_files=off --write_settings_files=off I2S_DAC -c I2S_DAC
quartus_asm --read_settings_files=off --write_settings_files=off I2S_DAC -c I2S_DAC
quartus_sta I2S_DAC -c I2S_DAC
quartus_eda --read_settings_files=off --write_settings_files=off I2S_DAC -c I2S_DAC
quartus_map --read_settings_files=on --write_settings_files=off I2S_DAC -c I2S_DAC
quartus_cdb --read_settings_files=off --write_settings_files=off I2S_DAC -c I2S_DAC --merge=on
quartus_fit --read_settings_files=off --write_settings_files=off I2S_DAC -c I2S_DAC
quartus_asm --read_settings_files=off --write_settings_files=off I2S_DAC -c I2S_DAC
quartus_sta I2S_DAC -c I2S_DAC
quartus_eda --read_settings_files=off --write_settings_files=off I2S_DAC -c I2S_DAC
quartus_map --read_settings_files=on --write_settings_files=off I2S_DAC -c I2S_DAC
quartus_cdb --read_settings_files=off --write_settings_files=off I2S_DAC -c I2S_DAC --merge=on
quartus_fit --read_settings_files=off --write_settings_files=off I2S_DAC -c I2S_DAC
quartus_asm --read_settings_files=off --write_settings_files=off I2S_DAC -c I2S_DAC
quartus_sta I2S_DAC -c I2S_DAC
quartus_eda --read_settings_files=off --write_settings_files=off I2S_DAC -c I2S_DAC
quartus_map --read_settings_files=on --write_settings_files=off I2S_DAC -c I2S_DAC
quartus_cdb --read_settings_files=off --write_settings_files=off I2S_DAC -c I2S_DAC --merge=on
quartus_fit --read_settings_files=off --write_settings_files=off I2S_DAC -c I2S_DAC
quartus_asm --read_settings_files=off --write_settings_files=off I2S_DAC -c I2S_DAC
quartus_sta I2S_DAC -c I2S_DAC
quartus_eda --read_settings_files=off --write_settings_files=off I2S_DAC -c I2S_DAC
quartus_map --read_settings_files=on --write_settings_files=off I2S_DAC -c I2S_DAC
quartus_cdb --read_settings_files=off --write_settings_files=off I2S_DAC -c I2S_DAC --merge=on
quartus_fit --read_settings_files=off --write_settings_files=off I2S_DAC -c I2S_DAC
quartus_asm --read_settings_files=off --write_settings_files=off I2S_DAC -c I2S_DAC
quartus_sta I2S_DAC -c I2S_DAC
quartus_eda --read_settings_files=off --write_settings_files=off I2S_DAC -c I2S_DAC
quartus_map --read_settings_files=on --write_settings_files=off I2S_DAC -c I2S_DAC
quartus_map --read_settings_files=on --write_settings_files=off I2S_DAC -c I2S_DAC
quartus_map --read_settings_files=on --write_settings_files=off I2S_DAC -c I2S_DAC
quartus_cdb --read_settings_files=off --write_settings_files=off I2S_DAC -c I2S_DAC --merge=on
quartus_fit --read_settings_files=off --write_settings_files=off I2S_DAC -c I2S_DAC
quartus_asm --read_settings_files=off --write_settings_files=off I2S_DAC -c I2S_DAC
quartus_sta I2S_DAC -c I2S_DAC
quartus_eda --read_settings_files=off --write_settings_files=off I2S_DAC -c I2S_DAC



