Fitter report for EP2C5
Mon Sep 21 15:32:16 2015
Quartus II 32-bit Version 11.1 Build 173 11/01/2011 SJ Full Version


---------------------
; Table of Contents ;
---------------------
  1. Legal Notice
  2. Fitter Summary
  3. Fitter Settings
  4. Parallel Compilation
  5. Ignored Assignments
  6. Incremental Compilation Preservation Summary
  7. Incremental Compilation Partition Settings
  8. Incremental Compilation Placement Preservation
  9. Pin-Out File
 10. Fitter Resource Usage Summary
 11. Fitter Partition Statistics
 12. Input Pins
 13. Output Pins
 14. I/O Bank Usage
 15. All Package Pins
 16. Output Pin Default Load For Reported TCO
 17. Fitter Resource Utilization by Entity
 18. Delay Chain Summary
 19. Pad To Core Delay Chain Fanout
 20. Control Signals
 21. Global & Other Fast Signals
 22. Non-Global High Fan-Out Signals
 23. Interconnect Usage Summary
 24. LAB Logic Elements
 25. LAB-wide Signals
 26. LAB Signals Sourced
 27. LAB Signals Sourced Out
 28. LAB Distinct Inputs
 29. Fitter Device Options
 30. Operating Settings and Conditions
 31. Fitter Messages
 32. Fitter Suppressed Messages



----------------
; Legal Notice ;
----------------
Copyright (C) 1991-2011 Altera Corporation
Your use of Altera Corporation's design tools, logic functions 
and other software and tools, and its AMPP partner logic 
functions, and any output files from any of the foregoing 
(including device programming or simulation files), and any 
associated documentation or information are expressly subject 
to the terms and conditions of the Altera Program License 
Subscription Agreement, Altera MegaCore Function License 
Agreement, or other applicable license agreement, including, 
without limitation, that your use is for the sole purpose of 
programming logic devices manufactured by Altera and sold by 
Altera or its authorized distributors.  Please refer to the 
applicable agreement for further details.



+--------------------------------------------------------------------------------+
; Fitter Summary                                                                 ;
+------------------------------------+-------------------------------------------+
; Fitter Status                      ; Successful - Mon Sep 21 15:32:16 2015     ;
; Quartus II 32-bit Version          ; 11.1 Build 173 11/01/2011 SJ Full Version ;
; Revision Name                      ; EP2C5                                     ;
; Top-level Entity Name              ; EP2C5                                     ;
; Family                             ; Cyclone II                                ;
; Device                             ; EP2C5T144C7                               ;
; Timing Models                      ; Final                                     ;
; Total logic elements               ; 79 / 4,608 ( 2 % )                        ;
;     Total combinational functions  ; 79 / 4,608 ( 2 % )                        ;
;     Dedicated logic registers      ; 64 / 4,608 ( 1 % )                        ;
; Total registers                    ; 64                                        ;
; Total pins                         ; 15 / 89 ( 17 % )                          ;
; Total virtual pins                 ; 0                                         ;
; Total memory bits                  ; 0 / 119,808 ( 0 % )                       ;
; Embedded Multiplier 9-bit elements ; 0 / 26 ( 0 % )                            ;
; Total PLLs                         ; 0 / 2 ( 0 % )                             ;
+------------------------------------+-------------------------------------------+


+----------------------------------------------------------------------------------------------------------------------------------------------+
; Fitter Settings                                                                                                                              ;
+----------------------------------------------------------------------------+--------------------------------+--------------------------------+
; Option                                                                     ; Setting                        ; Default Value                  ;
+----------------------------------------------------------------------------+--------------------------------+--------------------------------+
; Device                                                                     ; EP2C5T144C7                    ;                                ;
; Minimum Core Junction Temperature                                          ; 0                              ;                                ;
; Maximum Core Junction Temperature                                          ; 85                             ;                                ;
; Fit Attempts to Skip                                                       ; 0                              ; 0.0                            ;
; Device I/O Standard                                                        ; 2.5 V                          ;                                ;
; Use smart compilation                                                      ; Off                            ; Off                            ;
; Enable parallel Assembler and TimeQuest Timing Analyzer during compilation ; On                             ; On                             ;
; Enable compact report table                                                ; Off                            ; Off                            ;
; Auto Merge PLLs                                                            ; On                             ; On                             ;
; Ignore PLL Mode When Merging PLLs                                          ; Off                            ; Off                            ;
; Router Timing Optimization Level                                           ; Normal                         ; Normal                         ;
; Placement Effort Multiplier                                                ; 1.0                            ; 1.0                            ;
; Router Effort Multiplier                                                   ; 1.0                            ; 1.0                            ;
; Always Enable Input Buffers                                                ; Off                            ; Off                            ;
; Optimize Hold Timing                                                       ; IO Paths and Minimum TPD Paths ; IO Paths and Minimum TPD Paths ;
; Optimize Multi-Corner Timing                                               ; Off                            ; Off                            ;
; PowerPlay Power Optimization                                               ; Normal compilation             ; Normal compilation             ;
; Optimize Timing                                                            ; Normal compilation             ; Normal compilation             ;
; Optimize Timing for ECOs                                                   ; Off                            ; Off                            ;
; Regenerate full fit report during ECO compiles                             ; Off                            ; Off                            ;
; Optimize IOC Register Placement for Timing                                 ; Normal                         ; Normal                         ;
; Limit to One Fitting Attempt                                               ; Off                            ; Off                            ;
; Final Placement Optimizations                                              ; Automatically                  ; Automatically                  ;
; Fitter Aggressive Routability Optimizations                                ; Automatically                  ; Automatically                  ;
; Fitter Initial Placement Seed                                              ; 1                              ; 1                              ;
; PCI I/O                                                                    ; Off                            ; Off                            ;
; Weak Pull-Up Resistor                                                      ; Off                            ; Off                            ;
; Enable Bus-Hold Circuitry                                                  ; Off                            ; Off                            ;
; Auto Global Memory Control Signals                                         ; Off                            ; Off                            ;
; Auto Packed Registers                                                      ; Auto                           ; Auto                           ;
; Auto Delay Chains                                                          ; On                             ; On                             ;
; Perform Physical Synthesis for Combinational Logic for Fitting             ; Off                            ; Off                            ;
; Perform Physical Synthesis for Combinational Logic for Performance         ; Off                            ; Off                            ;
; Perform Register Duplication for Performance                               ; Off                            ; Off                            ;
; Perform Logic to Memory Mapping for Fitting                                ; Off                            ; Off                            ;
; Perform Register Retiming for Performance                                  ; Off                            ; Off                            ;
; Perform Asynchronous Signal Pipelining                                     ; Off                            ; Off                            ;
; Fitter Effort                                                              ; Auto Fit                       ; Auto Fit                       ;
; Physical Synthesis Effort Level                                            ; Normal                         ; Normal                         ;
; Auto Global Clock                                                          ; On                             ; On                             ;
; Auto Global Register Control Signals                                       ; On                             ; On                             ;
; Force Fitter to Avoid Periphery Placement Warnings                         ; Off                            ; Off                            ;
+----------------------------------------------------------------------------+--------------------------------+--------------------------------+


+------------------------------------------+
; Parallel Compilation                     ;
+----------------------------+-------------+
; Processors                 ; Number      ;
+----------------------------+-------------+
; Number detected on machine ; 4           ;
; Maximum allowed            ; 4           ;
;                            ;             ;
; Average used               ; 1.00        ;
; Maximum used               ; 4           ;
;                            ;             ;
; Usage by Processor         ; % Time Used ;
;     1 processor            ; 100.0%      ;
;     2-4 processors         ; < 0.1%      ;
+----------------------------+-------------+


+------------------------------------------------------------------------------------------------+
; Ignored Assignments                                                                            ;
+------------------+----------------+--------------+------------+---------------+----------------+
; Name             ; Ignored Entity ; Ignored From ; Ignored To ; Ignored Value ; Ignored Source ;
+------------------+----------------+--------------+------------+---------------+----------------+
; Current Strength ; EP2C5          ;              ; MIDI_IN    ; 8MA           ; QSF Assignment ;
; Current Strength ; EP2C5          ;              ; clk50M     ; 8MA           ; QSF Assignment ;
; Current Strength ; EP2C5          ;              ; key0       ; 8MA           ; QSF Assignment ;
+------------------+----------------+--------------+------------+---------------+----------------+


+----------------------------------------------+
; Incremental Compilation Preservation Summary ;
+---------------------+------------------------+
; Type                ; Value                  ;
+---------------------+------------------------+
; Placement (by node) ;                        ;
;     -- Requested    ; 0 / 162 ( 0.00 % )     ;
;     -- Achieved     ; 0 / 162 ( 0.00 % )     ;
;                     ;                        ;
; Routing (by net)    ;                        ;
;     -- Requested    ; 0 / 0 ( 0.00 % )       ;
;     -- Achieved     ; 0 / 0 ( 0.00 % )       ;
+---------------------+------------------------+


+----------------------------------------------------------------------------------------------------------------------------------------------------------------------------------------+
; Incremental Compilation Partition Settings                                                                                                                                             ;
+--------------------------------+----------------+-------------------+-------------------------+------------------------+------------------------------+--------------------------------+
; Partition Name                 ; Partition Type ; Netlist Type Used ; Preservation Level Used ; Netlist Type Requested ; Preservation Level Requested ; Contents                       ;
+--------------------------------+----------------+-------------------+-------------------------+------------------------+------------------------------+--------------------------------+
; Top                            ; User-created   ; Source File       ; N/A                     ; Source File            ; N/A                          ;                                ;
; hard_block:auto_generated_inst ; Auto-generated ; Source File       ; N/A                     ; Source File            ; N/A                          ; hard_block:auto_generated_inst ;
+--------------------------------+----------------+-------------------+-------------------------+------------------------+------------------------------+--------------------------------+


+------------------------------------------------------------------------------------------------------------+
; Incremental Compilation Placement Preservation                                                             ;
+--------------------------------+---------+-------------------+-------------------------+-------------------+
; Partition Name                 ; # Nodes ; # Preserved Nodes ; Preservation Level Used ; Netlist Type Used ;
+--------------------------------+---------+-------------------+-------------------------+-------------------+
; Top                            ; 160     ; 0                 ; N/A                     ; Source File       ;
; hard_block:auto_generated_inst ; 2       ; 0                 ; N/A                     ; Source File       ;
+--------------------------------+---------+-------------------+-------------------------+-------------------+


+--------------+
; Pin-Out File ;
+--------------+
The pin-out file can be found in D:/FPGA_Projects/fpga-synth(git)/examples/EP2C5/EP2C5.pin.


+-------------------------------------------------------------------+
; Fitter Resource Usage Summary                                     ;
+---------------------------------------------+---------------------+
; Resource                                    ; Usage               ;
+---------------------------------------------+---------------------+
; Total logic elements                        ; 79 / 4,608 ( 2 % )  ;
;     -- Combinational with no register       ; 15                  ;
;     -- Register only                        ; 0                   ;
;     -- Combinational with a register        ; 64                  ;
;                                             ;                     ;
; Logic element usage by number of LUT inputs ;                     ;
;     -- 4 input functions                    ; 0                   ;
;     -- 3 input functions                    ; 32                  ;
;     -- <=2 input functions                  ; 47                  ;
;     -- Register only                        ; 0                   ;
;                                             ;                     ;
; Logic elements by mode                      ;                     ;
;     -- normal mode                          ; 18                  ;
;     -- arithmetic mode                      ; 61                  ;
;                                             ;                     ;
; Total registers*                            ; 64 / 4,851 ( 1 % )  ;
;     -- Dedicated logic registers            ; 64 / 4,608 ( 1 % )  ;
;     -- I/O registers                        ; 0 / 243 ( 0 % )     ;
;                                             ;                     ;
; Total LABs:  partially or completely used   ; 5 / 288 ( 2 % )     ;
; User inserted logic elements                ; 0                   ;
; Virtual pins                                ; 0                   ;
; I/O pins                                    ; 15 / 89 ( 17 % )    ;
;     -- Clock pins                           ; 1 / 4 ( 25 % )      ;
; Global signals                              ; 1                   ;
; M4Ks                                        ; 0 / 26 ( 0 % )      ;
; Total block memory bits                     ; 0 / 119,808 ( 0 % ) ;
; Total block memory implementation bits      ; 0 / 119,808 ( 0 % ) ;
; Embedded Multiplier 9-bit elements          ; 0 / 26 ( 0 % )      ;
; PLLs                                        ; 0 / 2 ( 0 % )       ;
; Global clocks                               ; 1 / 8 ( 13 % )      ;
; JTAGs                                       ; 0 / 1 ( 0 % )       ;
; ASMI blocks                                 ; 0 / 1 ( 0 % )       ;
; CRC blocks                                  ; 0 / 1 ( 0 % )       ;
; Average interconnect usage (total/H/V)      ; 0% / 0% / 0%        ;
; Peak interconnect usage (total/H/V)         ; 0% / 0% / 0%        ;
; Maximum fan-out node                        ; clk50M~clkctrl      ;
; Maximum fan-out                             ; 64                  ;
; Highest non-global fan-out signal           ; key0                ;
; Highest non-global fan-out                  ; 32                  ;
; Total fan-out                               ; 335                 ;
; Average fan-out                             ; 2.08                ;
+---------------------------------------------+---------------------+
*  Register count does not include registers inside RAM blocks or DSP blocks.



+--------------------------------------------------------------------------------------------------+
; Fitter Partition Statistics                                                                      ;
+---------------------------------------------+-------------------+--------------------------------+
; Statistic                                   ; Top               ; hard_block:auto_generated_inst ;
+---------------------------------------------+-------------------+--------------------------------+
; Difficulty Clustering Region                ; Low               ; Low                            ;
;                                             ;                   ;                                ;
; Total logic elements                        ; 79 / 4608 ( 1 % ) ; 0 / 4608 ( 0 % )               ;
;     -- Combinational with no register       ; 15                ; 0                              ;
;     -- Register only                        ; 0                 ; 0                              ;
;     -- Combinational with a register        ; 64                ; 0                              ;
;                                             ;                   ;                                ;
; Logic element usage by number of LUT inputs ;                   ;                                ;
;     -- 4 input functions                    ; 0                 ; 0                              ;
;     -- 3 input functions                    ; 32                ; 0                              ;
;     -- <=2 input functions                  ; 47                ; 0                              ;
;     -- Register only                        ; 0                 ; 0                              ;
;                                             ;                   ;                                ;
; Logic elements by mode                      ;                   ;                                ;
;     -- normal mode                          ; 18                ; 0                              ;
;     -- arithmetic mode                      ; 61                ; 0                              ;
;                                             ;                   ;                                ;
; Total registers                             ; 64                ; 0                              ;
;     -- Dedicated logic registers            ; 64 / 4608 ( 1 % ) ; 0 / 4608 ( 0 % )               ;
;     -- I/O registers                        ; 0                 ; 0                              ;
;                                             ;                   ;                                ;
; Total LABs:  partially or completely used   ; 5 / 288 ( 1 % )   ; 0 / 288 ( 0 % )                ;
;                                             ;                   ;                                ;
; Virtual pins                                ; 0                 ; 0                              ;
; I/O pins                                    ; 15                ; 0                              ;
; Embedded Multiplier 9-bit elements          ; 0 / 26 ( 0 % )    ; 0 / 26 ( 0 % )                 ;
; Total memory bits                           ; 0                 ; 0                              ;
; Total RAM block bits                        ; 0                 ; 0                              ;
; Clock control block                         ; 1 / 10 ( 10 % )   ; 0 / 10 ( 0 % )                 ;
;                                             ;                   ;                                ;
; Connections                                 ;                   ;                                ;
;     -- Input Connections                    ; 0                 ; 0                              ;
;     -- Registered Input Connections         ; 0                 ; 0                              ;
;     -- Output Connections                   ; 0                 ; 0                              ;
;     -- Registered Output Connections        ; 0                 ; 0                              ;
;                                             ;                   ;                                ;
; Internal Connections                        ;                   ;                                ;
;     -- Total Connections                    ; 335               ; 0                              ;
;     -- Registered Connections               ; 98                ; 0                              ;
;                                             ;                   ;                                ;
; External Connections                        ;                   ;                                ;
;     -- Top                                  ; 0                 ; 0                              ;
;     -- hard_block:auto_generated_inst       ; 0                 ; 0                              ;
;                                             ;                   ;                                ;
; Partition Interface                         ;                   ;                                ;
;     -- Input Ports                          ; 3                 ; 0                              ;
;     -- Output Ports                         ; 12                ; 0                              ;
;     -- Bidir Ports                          ; 0                 ; 0                              ;
;                                             ;                   ;                                ;
; Registered Ports                            ;                   ;                                ;
;     -- Registered Input Ports               ; 0                 ; 0                              ;
;     -- Registered Output Ports              ; 0                 ; 0                              ;
;                                             ;                   ;                                ;
; Port Connectivity                           ;                   ;                                ;
;     -- Input Ports driven by GND            ; 0                 ; 0                              ;
;     -- Output Ports driven by GND           ; 0                 ; 0                              ;
;     -- Input Ports driven by VCC            ; 0                 ; 0                              ;
;     -- Output Ports driven by VCC           ; 0                 ; 0                              ;
;     -- Input Ports with no Source           ; 0                 ; 0                              ;
;     -- Output Ports with no Source          ; 0                 ; 0                              ;
;     -- Input Ports with no Fanout           ; 0                 ; 0                              ;
;     -- Output Ports with no Fanout          ; 0                 ; 0                              ;
+---------------------------------------------+-------------------+--------------------------------+


+---------------------------------------------------------------------------------------------------------------------------------------------------------------------------------------------------------------------------------------------------------------+
; Input Pins                                                                                                                                                                                                                                                    ;
+---------+-------+----------+--------------+--------------+-------------+-----------------------+--------------------+--------+----------------+---------------+-----------------+----------+--------------+--------------+-------------+----------------------+
; Name    ; Pin # ; I/O Bank ; X coordinate ; Y coordinate ; Cell number ; Combinational Fan-Out ; Registered Fan-Out ; Global ; Input Register ; Power Up High ; PCI I/O Enabled ; Bus Hold ; Weak Pull Up ; I/O Standard ; Termination ; Location assigned by ;
+---------+-------+----------+--------------+--------------+-------------+-----------------------+--------------------+--------+----------------+---------------+-----------------+----------+--------------+--------------+-------------+----------------------+
; MIDI_IN ; 74    ; 3        ; 28           ; 1            ; 0           ; 0                     ; 0                  ; no     ; no             ; no            ; no              ; no       ; Off          ; 2.5 V        ; Off         ; User                 ;
; clk50M  ; 17    ; 1        ; 0            ; 6            ; 0           ; 1                     ; 0                  ; yes    ; no             ; no            ; no              ; no       ; Off          ; 2.5 V        ; Off         ; User                 ;
; key0    ; 144   ; 2        ; 1            ; 14           ; 3           ; 32                    ; 0                  ; no     ; no             ; no            ; no              ; no       ; Off          ; 2.5 V        ; Off         ; User                 ;
+---------+-------+----------+--------------+--------------+-------------+-----------------------+--------------------+--------+----------------+---------------+-----------------+----------+--------------+--------------+-------------+----------------------+


+---------------------------------------------------------------------------------------------------------------------------------------------------------------------------------------------------------------------------------------------------------------------------------------------------------------------------------------+
; Output Pins                                                                                                                                                                                                                                                                                                                           ;
+--------+-------+----------+--------------+--------------+-------------+-----------------+------------------------+---------------+-----------------+------------+---------------+----------+--------------+--------------+------------------+-------------+----------------------+-------+----------------------+---------------------+
; Name   ; Pin # ; I/O Bank ; X coordinate ; Y coordinate ; Cell number ; Output Register ; Output Enable Register ; Power Up High ; PCI I/O Enabled ; Open Drain ; TRI Primitive ; Bus Hold ; Weak Pull Up ; I/O Standard ; Current Strength ; Termination ; Location assigned by ; Load  ; Output Enable Source ; Output Enable Group ;
+--------+-------+----------+--------------+--------------+-------------+-----------------+------------------------+---------------+-----------------+------------+---------------+----------+--------------+--------------+------------------+-------------+----------------------+-------+----------------------+---------------------+
; a1     ; 103   ; 3        ; 28           ; 12           ; 1           ; no              ; no                     ; no            ; no              ; no         ; no            ; no       ; Off          ; 2.5 V        ; 8mA              ; Off         ; User                 ; 10 pF ; -                    ; -                   ;
; a2     ; 101   ; 3        ; 28           ; 11           ; 0           ; no              ; no                     ; no            ; no              ; no         ; no            ; no       ; Off          ; 2.5 V        ; 8mA              ; Off         ; User                 ; 10 pF ; -                    ; -                   ;
; a3     ; 94    ; 3        ; 28           ; 9            ; 2           ; no              ; no                     ; no            ; no              ; no         ; no            ; no       ; Off          ; 2.5 V        ; 8mA              ; Off         ; User                 ; 10 pF ; -                    ; -                   ;
; a4     ; 93    ; 3        ; 28           ; 8            ; 0           ; no              ; no                     ; no            ; no              ; no         ; no            ; no       ; Off          ; 2.5 V        ; 8mA              ; Off         ; User                 ; 10 pF ; -                    ; -                   ;
; ac1    ; 100   ; 3        ; 28           ; 11           ; 1           ; no              ; no                     ; no            ; no              ; no         ; no            ; no       ; Off          ; 2.5 V        ; 8mA              ; Off         ; User                 ; 10 pF ; -                    ; -                   ;
; ac2    ; 99    ; 3        ; 28           ; 11           ; 2           ; no              ; no                     ; no            ; no              ; no         ; no            ; no       ; Off          ; 2.5 V        ; 8mA              ; Off         ; User                 ; 10 pF ; -                    ; -                   ;
; ac3    ; 97    ; 3        ; 28           ; 9            ; 0           ; no              ; no                     ; no            ; no              ; no         ; no            ; no       ; Off          ; 2.5 V        ; 8mA              ; Off         ; User                 ; 10 pF ; -                    ; -                   ;
; ac4    ; 96    ; 3        ; 28           ; 9            ; 1           ; no              ; no                     ; no            ; no              ; no         ; no            ; no       ; Off          ; 2.5 V        ; 8mA              ; Off         ; User                 ; 10 pF ; -                    ; -                   ;
; clkout ; 73    ; 3        ; 28           ; 1            ; 1           ; no              ; no                     ; no            ; no              ; no         ; no            ; no       ; Off          ; 2.5 V        ; 8mA              ; Off         ; User                 ; 10 pF ; -                    ; -                   ;
; led0   ; 9     ; 1        ; 0            ; 11           ; 3           ; no              ; no                     ; no            ; no              ; no         ; no            ; no       ; Off          ; 2.5 V        ; 8mA              ; Off         ; User                 ; 10 pF ; -                    ; -                   ;
; led1   ; 7     ; 1        ; 0            ; 11           ; 1           ; no              ; no                     ; no            ; no              ; no         ; no            ; no       ; Off          ; 2.5 V        ; 8mA              ; Off         ; User                 ; 10 pF ; -                    ; -                   ;
; led2   ; 3     ; 1        ; 0            ; 13           ; 2           ; no              ; no                     ; no            ; no              ; no         ; no            ; no       ; Off          ; 2.5 V        ; 8mA              ; Off         ; User                 ; 10 pF ; -                    ; -                   ;
+--------+-------+----------+--------------+--------------+-------------+-----------------+------------------------+---------------+-----------------+------------+---------------+----------+--------------+--------------+------------------+-------------+----------------------+-------+----------------------+---------------------+


+------------------------------------------------------------+
; I/O Bank Usage                                             ;
+----------+------------------+---------------+--------------+
; I/O Bank ; Usage            ; VCCIO Voltage ; VREF Voltage ;
+----------+------------------+---------------+--------------+
; 1        ; 6 / 19 ( 32 % )  ; 2.5V          ; --           ;
; 2        ; 1 / 23 ( 4 % )   ; 2.5V          ; --           ;
; 3        ; 10 / 23 ( 43 % ) ; 2.5V          ; --           ;
; 4        ; 0 / 24 ( 0 % )   ; 2.5V          ; --           ;
+----------+------------------+---------------+--------------+


+------------------------------------------------------------------------------------------------------------------------------------------------------------------------+
; All Package Pins                                                                                                                                                       ;
+----------+------------+----------+------------------------------------------+--------+--------------+---------+------------+-----------------+----------+--------------+
; Location ; Pad Number ; I/O Bank ; Pin Name/Usage                           ; Dir.   ; I/O Standard ; Voltage ; I/O Type   ; User Assignment ; Bus Hold ; Weak Pull Up ;
+----------+------------+----------+------------------------------------------+--------+--------------+---------+------------+-----------------+----------+--------------+
; 1        ; 0          ; 1        ; ~ASDO~ / RESERVED_INPUT_WITH_WEAK_PULLUP ; input  ; 2.5 V        ;         ; Row I/O    ; N               ; no       ; On           ;
; 2        ; 1          ; 1        ; ~nCSO~ / RESERVED_INPUT_WITH_WEAK_PULLUP ; input  ; 2.5 V        ;         ; Row I/O    ; N               ; no       ; On           ;
; 3        ; 2          ; 1        ; led2                                     ; output ; 2.5 V        ;         ; Row I/O    ; Y               ; no       ; Off          ;
; 4        ; 3          ; 1        ; RESERVED_INPUT                           ;        ;              ;         ; Row I/O    ;                 ; no       ; Off          ;
; 5        ;            ; 1        ; VCCIO1                                   ; power  ;              ; 2.5V    ; --         ;                 ; --       ; --           ;
; 6        ;            ;          ; GND                                      ; gnd    ;              ;         ; --         ;                 ; --       ; --           ;
; 7        ; 10         ; 1        ; led1                                     ; output ; 2.5 V        ;         ; Row I/O    ; Y               ; no       ; Off          ;
; 8        ; 11         ; 1        ; RESERVED_INPUT                           ;        ;              ;         ; Row I/O    ;                 ; no       ; Off          ;
; 9        ; 12         ; 1        ; led0                                     ; output ; 2.5 V        ;         ; Row I/O    ; Y               ; no       ; Off          ;
; 10       ; 13         ; 1        ; #TDO                                     ; output ;              ;         ; --         ;                 ; --       ; --           ;
; 11       ; 14         ; 1        ; #TMS                                     ; input  ;              ;         ; --         ;                 ; --       ; --           ;
; 12       ; 15         ; 1        ; #TCK                                     ; input  ;              ;         ; --         ;                 ; --       ; --           ;
; 13       ; 16         ; 1        ; #TDI                                     ; input  ;              ;         ; --         ;                 ; --       ; --           ;
; 14       ; 17         ; 1        ; ^DATA0                                   ; input  ;              ;         ; --         ;                 ; --       ; --           ;
; 15       ; 18         ; 1        ; ^DCLK                                    ;        ;              ;         ; --         ;                 ; --       ; --           ;
; 16       ; 19         ; 1        ; ^nCE                                     ;        ;              ;         ; --         ;                 ; --       ; --           ;
; 17       ; 20         ; 1        ; clk50M                                   ; input  ; 2.5 V        ;         ; Row I/O    ; Y               ; no       ; Off          ;
; 18       ; 21         ; 1        ; GND+                                     ;        ;              ;         ; Row I/O    ;                 ; --       ; --           ;
; 19       ;            ;          ; GND                                      ; gnd    ;              ;         ; --         ;                 ; --       ; --           ;
; 20       ; 22         ; 1        ; ^nCONFIG                                 ;        ;              ;         ; --         ;                 ; --       ; --           ;
; 21       ; 23         ; 1        ; GND+                                     ;        ;              ;         ; Row I/O    ;                 ; --       ; --           ;
; 22       ; 24         ; 1        ; GND+                                     ;        ;              ;         ; Row I/O    ;                 ; --       ; --           ;
; 23       ;            ; 1        ; VCCIO1                                   ; power  ;              ; 2.5V    ; --         ;                 ; --       ; --           ;
; 24       ; 25         ; 1        ; RESERVED_INPUT                           ;        ;              ;         ; Row I/O    ;                 ; no       ; Off          ;
; 25       ; 26         ; 1        ; RESERVED_INPUT                           ;        ;              ;         ; Row I/O    ;                 ; no       ; Off          ;
; 26       ; 27         ; 1        ; RESERVED_INPUT                           ;        ;              ;         ; Row I/O    ;                 ; no       ; Off          ;
; 27       ; 28         ; 1        ; RESERVED_INPUT                           ;        ;              ;         ; Row I/O    ;                 ; no       ; Off          ;
; 28       ; 32         ; 1        ; RESERVED_INPUT                           ;        ;              ;         ; Row I/O    ;                 ; no       ; Off          ;
; 29       ;            ; 1        ; VCCIO1                                   ; power  ;              ; 2.5V    ; --         ;                 ; --       ; --           ;
; 30       ; 40         ; 1        ; RESERVED_INPUT                           ;        ;              ;         ; Row I/O    ;                 ; no       ; Off          ;
; 31       ; 41         ; 1        ; RESERVED_INPUT                           ;        ;              ;         ; Row I/O    ;                 ; no       ; Off          ;
; 32       ; 42         ; 1        ; RESERVED_INPUT                           ;        ;              ;         ; Row I/O    ;                 ; no       ; Off          ;
; 33       ;            ;          ; GND                                      ; gnd    ;              ;         ; --         ;                 ; --       ; --           ;
; 34       ;            ;          ; GND_PLL1                                 ; gnd    ;              ;         ; --         ;                 ; --       ; --           ;
; 35       ;            ;          ; VCCD_PLL1                                ; power  ;              ; 1.2V    ; --         ;                 ; --       ; --           ;
; 36       ;            ;          ; GND_PLL1                                 ; gnd    ;              ;         ; --         ;                 ; --       ; --           ;
; 37       ;            ;          ; VCCA_PLL1                                ; power  ;              ; 1.2V    ; --         ;                 ; --       ; --           ;
; 38       ;            ;          ; GNDA_PLL1                                ; gnd    ;              ;         ; --         ;                 ; --       ; --           ;
; 39       ;            ;          ; GND                                      ; gnd    ;              ;         ; --         ;                 ; --       ; --           ;
; 40       ; 43         ; 4        ; RESERVED_INPUT                           ;        ;              ;         ; Column I/O ;                 ; no       ; Off          ;
; 41       ; 44         ; 4        ; RESERVED_INPUT                           ;        ;              ;         ; Column I/O ;                 ; no       ; Off          ;
; 42       ; 45         ; 4        ; RESERVED_INPUT                           ;        ;              ;         ; Column I/O ;                 ; no       ; Off          ;
; 43       ; 46         ; 4        ; RESERVED_INPUT                           ;        ;              ;         ; Column I/O ;                 ; no       ; Off          ;
; 44       ; 47         ; 4        ; RESERVED_INPUT                           ;        ;              ;         ; Column I/O ;                 ; no       ; Off          ;
; 45       ; 48         ; 4        ; RESERVED_INPUT                           ;        ;              ;         ; Column I/O ;                 ; no       ; Off          ;
; 46       ;            ; 4        ; VCCIO4                                   ; power  ;              ; 2.5V    ; --         ;                 ; --       ; --           ;
; 47       ; 49         ; 4        ; RESERVED_INPUT                           ;        ;              ;         ; Column I/O ;                 ; no       ; Off          ;
; 48       ; 50         ; 4        ; RESERVED_INPUT                           ;        ;              ;         ; Column I/O ;                 ; no       ; Off          ;
; 49       ;            ;          ; GND                                      ; gnd    ;              ;         ; --         ;                 ; --       ; --           ;
; 50       ;            ;          ; VCCINT                                   ; power  ;              ; 1.2V    ; --         ;                 ; --       ; --           ;
; 51       ; 52         ; 4        ; RESERVED_INPUT                           ;        ;              ;         ; Column I/O ;                 ; no       ; Off          ;
; 52       ; 53         ; 4        ; RESERVED_INPUT                           ;        ;              ;         ; Column I/O ;                 ; no       ; Off          ;
; 53       ; 57         ; 4        ; RESERVED_INPUT                           ;        ;              ;         ; Column I/O ;                 ; no       ; Off          ;
; 54       ;            ; 4        ; VCCIO4                                   ; power  ;              ; 2.5V    ; --         ;                 ; --       ; --           ;
; 55       ; 58         ; 4        ; RESERVED_INPUT                           ;        ;              ;         ; Column I/O ;                 ; no       ; Off          ;
; 56       ;            ;          ; GND                                      ; gnd    ;              ;         ; --         ;                 ; --       ; --           ;
; 57       ; 59         ; 4        ; RESERVED_INPUT                           ;        ;              ;         ; Column I/O ;                 ; no       ; Off          ;
; 58       ; 60         ; 4        ; RESERVED_INPUT                           ;        ;              ;         ; Column I/O ;                 ; no       ; Off          ;
; 59       ; 63         ; 4        ; RESERVED_INPUT                           ;        ;              ;         ; Column I/O ;                 ; no       ; Off          ;
; 60       ; 64         ; 4        ; RESERVED_INPUT                           ;        ;              ;         ; Column I/O ;                 ; no       ; Off          ;
; 61       ;            ;          ; GND                                      ; gnd    ;              ;         ; --         ;                 ; --       ; --           ;
; 62       ;            ;          ; VCCINT                                   ; power  ;              ; 1.2V    ; --         ;                 ; --       ; --           ;
; 63       ; 72         ; 4        ; RESERVED_INPUT                           ;        ;              ;         ; Column I/O ;                 ; no       ; Off          ;
; 64       ; 75         ; 4        ; RESERVED_INPUT                           ;        ;              ;         ; Column I/O ;                 ; no       ; Off          ;
; 65       ; 76         ; 4        ; RESERVED_INPUT                           ;        ;              ;         ; Column I/O ;                 ; no       ; Off          ;
; 66       ;            ; 4        ; VCCIO4                                   ; power  ;              ; 2.5V    ; --         ;                 ; --       ; --           ;
; 67       ; 79         ; 4        ; RESERVED_INPUT                           ;        ;              ;         ; Column I/O ;                 ; no       ; Off          ;
; 68       ;            ;          ; GND                                      ; gnd    ;              ;         ; --         ;                 ; --       ; --           ;
; 69       ; 80         ; 4        ; RESERVED_INPUT                           ;        ;              ;         ; Column I/O ;                 ; no       ; Off          ;
; 70       ; 81         ; 4        ; RESERVED_INPUT                           ;        ;              ;         ; Column I/O ;                 ; no       ; Off          ;
; 71       ; 82         ; 4        ; RESERVED_INPUT                           ;        ;              ;         ; Column I/O ;                 ; no       ; Off          ;
; 72       ; 83         ; 4        ; RESERVED_INPUT                           ;        ;              ;         ; Column I/O ;                 ; no       ; Off          ;
; 73       ; 84         ; 3        ; clkout                                   ; output ; 2.5 V        ;         ; Row I/O    ; Y               ; no       ; Off          ;
; 74       ; 85         ; 3        ; MIDI_IN                                  ; input  ; 2.5 V        ;         ; Row I/O    ; Y               ; no       ; Off          ;
; 75       ; 86         ; 3        ; RESERVED_INPUT                           ;        ;              ;         ; Row I/O    ;                 ; no       ; Off          ;
; 76       ; 87         ; 3        ; RESERVED_INPUT                           ;        ;              ;         ; Row I/O    ;                 ; no       ; Off          ;
; 77       ;            ; 3        ; VCCIO3                                   ; power  ;              ; 2.5V    ; --         ;                 ; --       ; --           ;
; 78       ;            ;          ; GND                                      ; gnd    ;              ;         ; --         ;                 ; --       ; --           ;
; 79       ; 95         ; 3        ; RESERVED_INPUT                           ;        ;              ;         ; Row I/O    ;                 ; no       ; Off          ;
; 80       ; 97         ; 3        ; RESERVED_INPUT                           ;        ;              ;         ; Row I/O    ;                 ; no       ; Off          ;
; 81       ; 98         ; 3        ; RESERVED_INPUT                           ;        ;              ;         ; Row I/O    ;                 ; no       ; Off          ;
; 82       ; 99         ; 3        ; ^nSTATUS                                 ;        ;              ;         ; --         ;                 ; --       ; --           ;
; 83       ; 100        ; 3        ; ^CONF_DONE                               ;        ;              ;         ; --         ;                 ; --       ; --           ;
; 84       ; 101        ; 3        ; ^MSEL1                                   ;        ;              ;         ; --         ;                 ; --       ; --           ;
; 85       ; 102        ; 3        ; ^MSEL0                                   ;        ;              ;         ; --         ;                 ; --       ; --           ;
; 86       ; 103        ; 3        ; RESERVED_INPUT                           ;        ;              ;         ; Row I/O    ;                 ; no       ; Off          ;
; 87       ; 104        ; 3        ; RESERVED_INPUT                           ;        ;              ;         ; Row I/O    ;                 ; no       ; Off          ;
; 88       ; 105        ; 3        ; GND+                                     ;        ;              ;         ; Row I/O    ;                 ; --       ; --           ;
; 89       ; 106        ; 3        ; GND+                                     ;        ;              ;         ; Row I/O    ;                 ; --       ; --           ;
; 90       ; 107        ; 3        ; GND+                                     ;        ;              ;         ; Row I/O    ;                 ; --       ; --           ;
; 91       ; 108        ; 3        ; GND+                                     ;        ;              ;         ; Row I/O    ;                 ; --       ; --           ;
; 92       ; 109        ; 3        ; RESERVED_INPUT                           ;        ;              ;         ; Row I/O    ;                 ; no       ; Off          ;
; 93       ; 110        ; 3        ; a4                                       ; output ; 2.5 V        ;         ; Row I/O    ; Y               ; no       ; Off          ;
; 94       ; 111        ; 3        ; a3                                       ; output ; 2.5 V        ;         ; Row I/O    ; Y               ; no       ; Off          ;
; 95       ;            ; 3        ; VCCIO3                                   ; power  ;              ; 2.5V    ; --         ;                 ; --       ; --           ;
; 96       ; 112        ; 3        ; ac4                                      ; output ; 2.5 V        ;         ; Row I/O    ; Y               ; no       ; Off          ;
; 97       ; 113        ; 3        ; ac3                                      ; output ; 2.5 V        ;         ; Row I/O    ; Y               ; no       ; Off          ;
; 98       ;            ;          ; GND                                      ; gnd    ;              ;         ; --         ;                 ; --       ; --           ;
; 99       ; 119        ; 3        ; ac2                                      ; output ; 2.5 V        ;         ; Row I/O    ; Y               ; no       ; Off          ;
; 100      ; 120        ; 3        ; ac1                                      ; output ; 2.5 V        ;         ; Row I/O    ; Y               ; no       ; Off          ;
; 101      ; 121        ; 3        ; a2                                       ; output ; 2.5 V        ;         ; Row I/O    ; Y               ; no       ; Off          ;
; 102      ;            ; 3        ; VCCIO3                                   ; power  ;              ; 2.5V    ; --         ;                 ; --       ; --           ;
; 103      ; 125        ; 3        ; a1                                       ; output ; 2.5 V        ;         ; Row I/O    ; Y               ; no       ; Off          ;
; 104      ; 126        ; 3        ; RESERVED_INPUT                           ;        ;              ;         ; Row I/O    ;                 ; no       ; Off          ;
; 105      ;            ;          ; GND                                      ; gnd    ;              ;         ; --         ;                 ; --       ; --           ;
; 106      ;            ;          ; GND_PLL2                                 ; gnd    ;              ;         ; --         ;                 ; --       ; --           ;
; 107      ;            ;          ; VCCD_PLL2                                ; power  ;              ; 1.2V    ; --         ;                 ; --       ; --           ;
; 108      ;            ;          ; GND_PLL2                                 ; gnd    ;              ;         ; --         ;                 ; --       ; --           ;
; 109      ;            ;          ; VCCA_PLL2                                ; power  ;              ; 1.2V    ; --         ;                 ; --       ; --           ;
; 110      ;            ;          ; GNDA_PLL2                                ; gnd    ;              ;         ; --         ;                 ; --       ; --           ;
; 111      ;            ;          ; GND                                      ; gnd    ;              ;         ; --         ;                 ; --       ; --           ;
; 112      ; 127        ; 2        ; RESERVED_INPUT                           ;        ;              ;         ; Column I/O ;                 ; no       ; Off          ;
; 113      ; 128        ; 2        ; RESERVED_INPUT                           ;        ;              ;         ; Column I/O ;                 ; no       ; Off          ;
; 114      ; 129        ; 2        ; RESERVED_INPUT                           ;        ;              ;         ; Column I/O ;                 ; no       ; Off          ;
; 115      ; 130        ; 2        ; RESERVED_INPUT                           ;        ;              ;         ; Column I/O ;                 ; no       ; Off          ;
; 116      ;            ; 2        ; VCCIO2                                   ; power  ;              ; 2.5V    ; --         ;                 ; --       ; --           ;
; 117      ;            ;          ; GND                                      ; gnd    ;              ;         ; --         ;                 ; --       ; --           ;
; 118      ; 134        ; 2        ; RESERVED_INPUT                           ;        ;              ;         ; Column I/O ;                 ; no       ; Off          ;
; 119      ; 135        ; 2        ; RESERVED_INPUT                           ;        ;              ;         ; Column I/O ;                 ; no       ; Off          ;
; 120      ; 137        ; 2        ; RESERVED_INPUT                           ;        ;              ;         ; Column I/O ;                 ; no       ; Off          ;
; 121      ; 138        ; 2        ; RESERVED_INPUT                           ;        ;              ;         ; Column I/O ;                 ; no       ; Off          ;
; 122      ; 139        ; 2        ; RESERVED_INPUT                           ;        ;              ;         ; Column I/O ;                 ; no       ; Off          ;
; 123      ;            ;          ; GND                                      ; gnd    ;              ;         ; --         ;                 ; --       ; --           ;
; 124      ;            ;          ; VCCINT                                   ; power  ;              ; 1.2V    ; --         ;                 ; --       ; --           ;
; 125      ; 144        ; 2        ; RESERVED_INPUT                           ;        ;              ;         ; Column I/O ;                 ; no       ; Off          ;
; 126      ; 145        ; 2        ; RESERVED_INPUT                           ;        ;              ;         ; Column I/O ;                 ; no       ; Off          ;
; 127      ;            ; 2        ; VCCIO2                                   ; power  ;              ; 2.5V    ; --         ;                 ; --       ; --           ;
; 128      ;            ;          ; GND                                      ; gnd    ;              ;         ; --         ;                 ; --       ; --           ;
; 129      ; 148        ; 2        ; RESERVED_INPUT                           ;        ;              ;         ; Column I/O ;                 ; no       ; Off          ;
; 130      ;            ;          ; GND                                      ; gnd    ;              ;         ; --         ;                 ; --       ; --           ;
; 131      ;            ;          ; VCCINT                                   ; power  ;              ; 1.2V    ; --         ;                 ; --       ; --           ;
; 132      ; 153        ; 2        ; RESERVED_INPUT                           ;        ;              ;         ; Column I/O ;                 ; no       ; Off          ;
; 133      ; 154        ; 2        ; RESERVED_INPUT                           ;        ;              ;         ; Column I/O ;                 ; no       ; Off          ;
; 134      ; 155        ; 2        ; RESERVED_INPUT                           ;        ;              ;         ; Column I/O ;                 ; no       ; Off          ;
; 135      ; 162        ; 2        ; RESERVED_INPUT                           ;        ;              ;         ; Column I/O ;                 ; no       ; Off          ;
; 136      ; 163        ; 2        ; RESERVED_INPUT                           ;        ;              ;         ; Column I/O ;                 ; no       ; Off          ;
; 137      ; 164        ; 2        ; RESERVED_INPUT                           ;        ;              ;         ; Column I/O ;                 ; no       ; Off          ;
; 138      ;            ; 2        ; VCCIO2                                   ; power  ;              ; 2.5V    ; --         ;                 ; --       ; --           ;
; 139      ; 165        ; 2        ; RESERVED_INPUT                           ;        ;              ;         ; Column I/O ;                 ; no       ; Off          ;
; 140      ;            ;          ; GND                                      ; gnd    ;              ;         ; --         ;                 ; --       ; --           ;
; 141      ; 166        ; 2        ; RESERVED_INPUT                           ;        ;              ;         ; Column I/O ;                 ; no       ; Off          ;
; 142      ; 167        ; 2        ; RESERVED_INPUT                           ;        ;              ;         ; Column I/O ;                 ; no       ; Off          ;
; 143      ; 168        ; 2        ; RESERVED_INPUT                           ;        ;              ;         ; Column I/O ;                 ; no       ; Off          ;
; 144      ; 169        ; 2        ; key0                                     ; input  ; 2.5 V        ;         ; Column I/O ; Y               ; no       ; Off          ;
+----------+------------+----------+------------------------------------------+--------+--------------+---------+------------+-----------------+----------+--------------+
Note: Pin directions (input, output or bidir) are based on device operating in user mode.


+-------------------------------------------------------------------------------+
; Output Pin Default Load For Reported TCO                                      ;
+----------------------------------+-------+------------------------------------+
; I/O Standard                     ; Load  ; Termination Resistance             ;
+----------------------------------+-------+------------------------------------+
; 3.3-V LVTTL                      ; 0 pF  ; Not Available                      ;
; 3.3-V LVCMOS                     ; 0 pF  ; Not Available                      ;
; 2.5 V                            ; 0 pF  ; Not Available                      ;
; 1.8 V                            ; 0 pF  ; Not Available                      ;
; 1.5 V                            ; 0 pF  ; Not Available                      ;
; 3.3-V PCI                        ; 10 pF ; 25 Ohm (Parallel)                  ;
; 3.3-V PCI-X                      ; 10 pF ; 25 Ohm (Parallel)                  ;
; SSTL-2 Class I                   ; 0 pF  ; 50 Ohm (Parallel), 25 Ohm (Serial) ;
; SSTL-2 Class II                  ; 0 pF  ; 25 Ohm (Parallel), 25 Ohm (Serial) ;
; SSTL-18 Class I                  ; 0 pF  ; 50 Ohm (Parallel), 25 Ohm (Serial) ;
; SSTL-18 Class II                 ; 0 pF  ; 25 Ohm (Parallel), 25 Ohm (Serial) ;
; 1.5-V HSTL Class I               ; 0 pF  ; 50 Ohm (Parallel)                  ;
; 1.5-V HSTL Class II              ; 0 pF  ; 25 Ohm (Parallel)                  ;
; 1.8-V HSTL Class I               ; 0 pF  ; 50 Ohm (Parallel)                  ;
; 1.8-V HSTL Class II              ; 0 pF  ; 25 Ohm (Parallel)                  ;
; Differential SSTL-2              ; 0 pF  ; (See SSTL-2)                       ;
; Differential 2.5-V SSTL Class II ; 0 pF  ; (See SSTL-2 Class II)              ;
; Differential 1.8-V SSTL Class I  ; 0 pF  ; (See 1.8-V SSTL Class I)           ;
; Differential 1.8-V SSTL Class II ; 0 pF  ; (See 1.8-V SSTL Class II)          ;
; Differential 1.5-V HSTL Class I  ; 0 pF  ; (See 1.5-V HSTL Class I)           ;
; Differential 1.5-V HSTL Class II ; 0 pF  ; (See 1.5-V HSTL Class II)          ;
; Differential 1.8-V HSTL Class I  ; 0 pF  ; (See 1.8-V HSTL Class I)           ;
; Differential 1.8-V HSTL Class II ; 0 pF  ; (See 1.8-V HSTL Class II)          ;
; LVDS                             ; 0 pF  ; 100 Ohm (Differential)             ;
; mini-LVDS                        ; 0 pF  ; 100 Ohm (Differential)             ;
; RSDS                             ; 0 pF  ; 100 Ohm (Differential)             ;
; Simple RSDS                      ; 0 pF  ; Not Available                      ;
; Differential LVPECL              ; 0 pF  ; 100 Ohm (Differential)             ;
+----------------------------------+-------+------------------------------------+
Note: User assignments will override these defaults. The user specified values are listed in the Output Pins and Bidir Pins tables.


+-----------------------------------------------------------------------------------------------------------------------------------------------------------------------------------------------------------------------------------------------------------------+
; Fitter Resource Utilization by Entity                                                                                                                                                                                                                           ;
+----------------------------+-------------+---------------------------+---------------+-------------+------+--------------+---------+-----------+------+--------------+--------------+-------------------+------------------+---------------------+--------------+
; Compilation Hierarchy Node ; Logic Cells ; Dedicated Logic Registers ; I/O Registers ; Memory Bits ; M4Ks ; DSP Elements ; DSP 9x9 ; DSP 18x18 ; Pins ; Virtual Pins ; LUT-Only LCs ; Register-Only LCs ; LUT/Register LCs ; Full Hierarchy Name ; Library Name ;
+----------------------------+-------------+---------------------------+---------------+-------------+------+--------------+---------+-----------+------+--------------+--------------+-------------------+------------------+---------------------+--------------+
; |EP2C5                     ; 79 (79)     ; 64 (64)                   ; 0 (0)         ; 0           ; 0    ; 0            ; 0       ; 0         ; 15   ; 0            ; 15 (15)      ; 0 (0)             ; 64 (64)          ; |EP2C5              ;              ;
+----------------------------+-------------+---------------------------+---------------+-------------+------+--------------+---------+-----------+------+--------------+--------------+-------------------+------------------+---------------------+--------------+
Note: For table entries with two numbers listed, the numbers in parentheses indicate the number of resources of the given type used by the specific entity alone. The numbers listed outside of parentheses indicate the total resources of the given type used by the specific entity and all of its sub-entities in the hierarchy.


+----------------------------------------------------------------------------------+
; Delay Chain Summary                                                              ;
+---------+----------+---------------+---------------+-----------------------+-----+
; Name    ; Pin Type ; Pad to Core 0 ; Pad to Core 1 ; Pad to Input Register ; TCO ;
+---------+----------+---------------+---------------+-----------------------+-----+
; led0    ; Output   ; --            ; --            ; --                    ; --  ;
; led1    ; Output   ; --            ; --            ; --                    ; --  ;
; led2    ; Output   ; --            ; --            ; --                    ; --  ;
; MIDI_IN ; Input    ; (0) 325 ps    ; (0) 325 ps    ; --                    ; --  ;
; a1      ; Output   ; --            ; --            ; --                    ; --  ;
; a2      ; Output   ; --            ; --            ; --                    ; --  ;
; a3      ; Output   ; --            ; --            ; --                    ; --  ;
; a4      ; Output   ; --            ; --            ; --                    ; --  ;
; ac1     ; Output   ; --            ; --            ; --                    ; --  ;
; ac2     ; Output   ; --            ; --            ; --                    ; --  ;
; ac3     ; Output   ; --            ; --            ; --                    ; --  ;
; ac4     ; Output   ; --            ; --            ; --                    ; --  ;
; clkout  ; Output   ; --            ; --            ; --                    ; --  ;
; clk50M  ; Input    ; (0) 325 ps    ; (0) 325 ps    ; --                    ; --  ;
; key0    ; Input    ; (6) 4400 ps   ; (6) 4400 ps   ; --                    ; --  ;
+---------+----------+---------------+---------------+-----------------------+-----+


+---------------------------------------------------+
; Pad To Core Delay Chain Fanout                    ;
+---------------------+-------------------+---------+
; Source Pin / Fanout ; Pad To Core Index ; Setting ;
+---------------------+-------------------+---------+
; MIDI_IN             ;                   ;         ;
; clk50M              ;                   ;         ;
; key0                ;                   ;         ;
;      - adder[1]     ; 0                 ; 6       ;
;      - adder[2]     ; 0                 ; 6       ;
;      - adder[3]     ; 0                 ; 6       ;
;      - adder[4]     ; 0                 ; 6       ;
;      - adder[5]     ; 0                 ; 6       ;
;      - adder[6]     ; 0                 ; 6       ;
;      - adder[7]     ; 0                 ; 6       ;
;      - adder[8]     ; 0                 ; 6       ;
;      - adder[9]     ; 0                 ; 6       ;
;      - adder[10]    ; 0                 ; 6       ;
;      - adder[11]    ; 0                 ; 6       ;
;      - adder[12]    ; 0                 ; 6       ;
;      - adder[13]    ; 0                 ; 6       ;
;      - adder[14]    ; 0                 ; 6       ;
;      - adder[15]    ; 0                 ; 6       ;
;      - adder[16]    ; 0                 ; 6       ;
;      - adder[17]    ; 0                 ; 6       ;
;      - adder[18]    ; 0                 ; 6       ;
;      - adder[19]    ; 0                 ; 6       ;
;      - adder[20]    ; 0                 ; 6       ;
;      - adder[21]    ; 0                 ; 6       ;
;      - adder[22]    ; 0                 ; 6       ;
;      - adder[23]    ; 0                 ; 6       ;
;      - adder[24]    ; 0                 ; 6       ;
;      - adder[25]    ; 0                 ; 6       ;
;      - adder[26]    ; 0                 ; 6       ;
;      - adder[27]    ; 0                 ; 6       ;
;      - adder[28]    ; 0                 ; 6       ;
;      - adder[29]    ; 0                 ; 6       ;
;      - adder[30]    ; 0                 ; 6       ;
;      - adder[31]    ; 0                 ; 6       ;
;      - adder[0]     ; 0                 ; 6       ;
+---------------------+-------------------+---------+


+---------------------------------------------------------------------------------------------------------------------------+
; Control Signals                                                                                                           ;
+--------+----------+---------+--------------+--------+----------------------+------------------+---------------------------+
; Name   ; Location ; Fan-Out ; Usage        ; Global ; Global Resource Used ; Global Line Name ; Enable Signal Source Name ;
+--------+----------+---------+--------------+--------+----------------------+------------------+---------------------------+
; clk50M ; PIN_17   ; 64      ; Clock        ; yes    ; Global Clock         ; GCLK2            ; --                        ;
; key0   ; PIN_144  ; 32      ; Clock enable ; no     ; --                   ; --               ; --                        ;
+--------+----------+---------+--------------+--------+----------------------+------------------+---------------------------+


+---------------------------------------------------------------------------------------------------+
; Global & Other Fast Signals                                                                       ;
+--------+----------+---------+----------------------+------------------+---------------------------+
; Name   ; Location ; Fan-Out ; Global Resource Used ; Global Line Name ; Enable Signal Source Name ;
+--------+----------+---------+----------------------+------------------+---------------------------+
; clk50M ; PIN_17   ; 64      ; Global Clock         ; GCLK2            ; --                        ;
+--------+----------+---------+----------------------+------------------+---------------------------+


+---------------------------------+
; Non-Global High Fan-Out Signals ;
+-------------+-------------------+
; Name        ; Fan-Out           ;
+-------------+-------------------+
; key0        ; 32                ;
; adder[0]    ; 3                 ;
; adder[1]    ; 2                 ;
; adder[2]    ; 2                 ;
; adder[3]    ; 2                 ;
; adder[4]    ; 2                 ;
; adder[5]    ; 2                 ;
; adder[6]    ; 2                 ;
; adder[7]    ; 2                 ;
; adder[8]    ; 2                 ;
; adder[9]    ; 2                 ;
; adder[10]   ; 2                 ;
; adder[11]   ; 2                 ;
; adder[12]   ; 2                 ;
; adder[13]   ; 2                 ;
; adder[14]   ; 2                 ;
; adder[15]   ; 2                 ;
; adder[16]   ; 2                 ;
; adder[17]   ; 2                 ;
; adder[18]   ; 2                 ;
; adder[19]   ; 2                 ;
; adder[20]   ; 2                 ;
; adder[21]   ; 2                 ;
; adder[22]   ; 2                 ;
; adder[23]   ; 2                 ;
; adder[24]   ; 2                 ;
; adder[25]   ; 2                 ;
; adder[26]   ; 2                 ;
; adder[27]   ; 2                 ;
; adder[28]   ; 2                 ;
; adder[29]   ; 2                 ;
; adder[30]   ; 2                 ;
; adder[31]   ; 2                 ;
; dds[31]     ; 2                 ;
; adder[0]~15 ; 1                 ;
; adder[1]~14 ; 1                 ;
; adder[2]~13 ; 1                 ;
; adder[3]~12 ; 1                 ;
; adder[4]~11 ; 1                 ;
; adder[8]~10 ; 1                 ;
; adder[10]~9 ; 1                 ;
; adder[15]~8 ; 1                 ;
; adder[16]~7 ; 1                 ;
; adder[17]~6 ; 1                 ;
; adder[19]~5 ; 1                 ;
; adder[21]~4 ; 1                 ;
; adder[22]~3 ; 1                 ;
; adder[23]~2 ; 1                 ;
; adder[24]~1 ; 1                 ;
; adder[28]~0 ; 1                 ;
; Add1~60     ; 1                 ;
; Add1~59     ; 1                 ;
; Add1~58     ; 1                 ;
; Add1~57     ; 1                 ;
; Add1~56     ; 1                 ;
; Add1~55     ; 1                 ;
; Add1~54     ; 1                 ;
; Add1~53     ; 1                 ;
; Add1~52     ; 1                 ;
; Add1~51     ; 1                 ;
; Add1~50     ; 1                 ;
; Add1~49     ; 1                 ;
; Add1~48     ; 1                 ;
; Add1~47     ; 1                 ;
; Add1~46     ; 1                 ;
; Add1~45     ; 1                 ;
; Add1~44     ; 1                 ;
; Add1~43     ; 1                 ;
; Add1~42     ; 1                 ;
; Add1~41     ; 1                 ;
; Add1~40     ; 1                 ;
; Add1~39     ; 1                 ;
; Add1~38     ; 1                 ;
; Add1~37     ; 1                 ;
; Add1~36     ; 1                 ;
; Add1~35     ; 1                 ;
; Add1~34     ; 1                 ;
; Add1~33     ; 1                 ;
; Add1~32     ; 1                 ;
; Add1~31     ; 1                 ;
; Add1~30     ; 1                 ;
; Add1~29     ; 1                 ;
; Add1~28     ; 1                 ;
; Add1~27     ; 1                 ;
; Add1~26     ; 1                 ;
; Add1~25     ; 1                 ;
; Add1~24     ; 1                 ;
; Add1~23     ; 1                 ;
; Add1~22     ; 1                 ;
; Add1~21     ; 1                 ;
; Add1~20     ; 1                 ;
; Add1~19     ; 1                 ;
; Add1~18     ; 1                 ;
; Add1~17     ; 1                 ;
; Add1~16     ; 1                 ;
; Add1~15     ; 1                 ;
; Add1~14     ; 1                 ;
; Add1~13     ; 1                 ;
; Add1~12     ; 1                 ;
; Add1~11     ; 1                 ;
; Add1~10     ; 1                 ;
; Add1~9      ; 1                 ;
; Add1~8      ; 1                 ;
; Add1~7      ; 1                 ;
; Add1~6      ; 1                 ;
; Add1~5      ; 1                 ;
; Add1~4      ; 1                 ;
; Add1~3      ; 1                 ;
; Add1~2      ; 1                 ;
; Add1~1      ; 1                 ;
; Add1~0      ; 1                 ;
; dds[31]~94  ; 1                 ;
; dds[30]~93  ; 1                 ;
; dds[30]~92  ; 1                 ;
; dds[29]~91  ; 1                 ;
; dds[29]~90  ; 1                 ;
; dds[28]~89  ; 1                 ;
; dds[28]~88  ; 1                 ;
; dds[27]~87  ; 1                 ;
; dds[27]~86  ; 1                 ;
; dds[26]~85  ; 1                 ;
; dds[26]~84  ; 1                 ;
; dds[25]~83  ; 1                 ;
; dds[25]~82  ; 1                 ;
; dds[24]~81  ; 1                 ;
; dds[24]~80  ; 1                 ;
; dds[23]~79  ; 1                 ;
; dds[23]~78  ; 1                 ;
; dds[22]~77  ; 1                 ;
; dds[22]~76  ; 1                 ;
; dds[21]~75  ; 1                 ;
; dds[21]~74  ; 1                 ;
; dds[20]~73  ; 1                 ;
; dds[20]~72  ; 1                 ;
; dds[19]~71  ; 1                 ;
; dds[19]~70  ; 1                 ;
; dds[18]~69  ; 1                 ;
; dds[18]~68  ; 1                 ;
; dds[17]~67  ; 1                 ;
; dds[17]~66  ; 1                 ;
; dds[16]~65  ; 1                 ;
; dds[16]~64  ; 1                 ;
; dds[15]~63  ; 1                 ;
; dds[15]~62  ; 1                 ;
; dds[14]~61  ; 1                 ;
; dds[14]~60  ; 1                 ;
; dds[13]~59  ; 1                 ;
; dds[13]~58  ; 1                 ;
; dds[12]~57  ; 1                 ;
; dds[12]~56  ; 1                 ;
; dds[11]~55  ; 1                 ;
; dds[11]~54  ; 1                 ;
; dds[10]~53  ; 1                 ;
; dds[10]~52  ; 1                 ;
; dds[9]~51   ; 1                 ;
; dds[9]~50   ; 1                 ;
; dds[8]~49   ; 1                 ;
; dds[8]~48   ; 1                 ;
; dds[7]~47   ; 1                 ;
; dds[7]~46   ; 1                 ;
; dds[6]~45   ; 1                 ;
; dds[6]~44   ; 1                 ;
; dds[5]~43   ; 1                 ;
; dds[5]~42   ; 1                 ;
; dds[4]~41   ; 1                 ;
; dds[4]~40   ; 1                 ;
; dds[3]~39   ; 1                 ;
; dds[3]~38   ; 1                 ;
; dds[2]~37   ; 1                 ;
; dds[2]~36   ; 1                 ;
; dds[1]~35   ; 1                 ;
; dds[1]~34   ; 1                 ;
; dds[0]~33   ; 1                 ;
; dds[0]~32   ; 1                 ;
; dds[0]      ; 1                 ;
; dds[1]      ; 1                 ;
; dds[2]      ; 1                 ;
; dds[3]      ; 1                 ;
; dds[4]      ; 1                 ;
; dds[5]      ; 1                 ;
; dds[6]      ; 1                 ;
; dds[7]      ; 1                 ;
; dds[8]      ; 1                 ;
; dds[9]      ; 1                 ;
; dds[10]     ; 1                 ;
; dds[11]     ; 1                 ;
; dds[12]     ; 1                 ;
; dds[13]     ; 1                 ;
; dds[14]     ; 1                 ;
; dds[15]     ; 1                 ;
; dds[16]     ; 1                 ;
; dds[17]     ; 1                 ;
; dds[18]     ; 1                 ;
; dds[19]     ; 1                 ;
; dds[20]     ; 1                 ;
; dds[21]     ; 1                 ;
; dds[22]     ; 1                 ;
; dds[23]     ; 1                 ;
; dds[24]     ; 1                 ;
; dds[25]     ; 1                 ;
; dds[26]     ; 1                 ;
; dds[27]     ; 1                 ;
; dds[28]     ; 1                 ;
; dds[29]     ; 1                 ;
; dds[30]     ; 1                 ;
+-------------+-------------------+


+----------------------------------------------------+
; Interconnect Usage Summary                         ;
+----------------------------+-----------------------+
; Interconnect Resource Type ; Usage                 ;
+----------------------------+-----------------------+
; Block interconnects        ; 74 / 15,666 ( < 1 % ) ;
; C16 interconnects          ; 1 / 812 ( < 1 % )     ;
; C4 interconnects           ; 15 / 11,424 ( < 1 % ) ;
; Direct links               ; 35 / 15,666 ( < 1 % ) ;
; Global clocks              ; 1 / 8 ( 13 % )        ;
; Local interconnects        ; 41 / 4,608 ( < 1 % )  ;
; R24 interconnects          ; 1 / 652 ( < 1 % )     ;
; R4 interconnects           ; 30 / 13,328 ( < 1 % ) ;
+----------------------------+-----------------------+


+---------------------------------------------------------------------------+
; LAB Logic Elements                                                        ;
+---------------------------------------------+-----------------------------+
; Number of Logic Elements  (Average = 15.80) ; Number of LABs  (Total = 5) ;
+---------------------------------------------+-----------------------------+
; 1                                           ; 0                           ;
; 2                                           ; 0                           ;
; 3                                           ; 0                           ;
; 4                                           ; 0                           ;
; 5                                           ; 0                           ;
; 6                                           ; 0                           ;
; 7                                           ; 0                           ;
; 8                                           ; 0                           ;
; 9                                           ; 0                           ;
; 10                                          ; 0                           ;
; 11                                          ; 0                           ;
; 12                                          ; 0                           ;
; 13                                          ; 0                           ;
; 14                                          ; 0                           ;
; 15                                          ; 1                           ;
; 16                                          ; 4                           ;
+---------------------------------------------+-----------------------------+


+------------------------------------------------------------------+
; LAB-wide Signals                                                 ;
+------------------------------------+-----------------------------+
; LAB-wide Signals  (Average = 1.60) ; Number of LABs  (Total = 5) ;
+------------------------------------+-----------------------------+
; 1 Clock                            ; 5                           ;
; 1 Clock enable                     ; 3                           ;
+------------------------------------+-----------------------------+


+----------------------------------------------------------------------------+
; LAB Signals Sourced                                                        ;
+----------------------------------------------+-----------------------------+
; Number of Signals Sourced  (Average = 28.60) ; Number of LABs  (Total = 5) ;
+----------------------------------------------+-----------------------------+
; 0                                            ; 0                           ;
; 1                                            ; 0                           ;
; 2                                            ; 0                           ;
; 3                                            ; 0                           ;
; 4                                            ; 0                           ;
; 5                                            ; 0                           ;
; 6                                            ; 0                           ;
; 7                                            ; 0                           ;
; 8                                            ; 0                           ;
; 9                                            ; 0                           ;
; 10                                           ; 0                           ;
; 11                                           ; 0                           ;
; 12                                           ; 0                           ;
; 13                                           ; 0                           ;
; 14                                           ; 0                           ;
; 15                                           ; 0                           ;
; 16                                           ; 0                           ;
; 17                                           ; 0                           ;
; 18                                           ; 0                           ;
; 19                                           ; 0                           ;
; 20                                           ; 0                           ;
; 21                                           ; 0                           ;
; 22                                           ; 0                           ;
; 23                                           ; 0                           ;
; 24                                           ; 1                           ;
; 25                                           ; 1                           ;
; 26                                           ; 0                           ;
; 27                                           ; 0                           ;
; 28                                           ; 0                           ;
; 29                                           ; 0                           ;
; 30                                           ; 1                           ;
; 31                                           ; 0                           ;
; 32                                           ; 2                           ;
+----------------------------------------------+-----------------------------+


+-------------------------------------------------------------------------------+
; LAB Signals Sourced Out                                                       ;
+-------------------------------------------------+-----------------------------+
; Number of Signals Sourced Out  (Average = 9.60) ; Number of LABs  (Total = 5) ;
+-------------------------------------------------+-----------------------------+
; 0                                               ; 1                           ;
; 1                                               ; 1                           ;
; 2                                               ; 0                           ;
; 3                                               ; 0                           ;
; 4                                               ; 0                           ;
; 5                                               ; 0                           ;
; 6                                               ; 0                           ;
; 7                                               ; 0                           ;
; 8                                               ; 0                           ;
; 9                                               ; 0                           ;
; 10                                              ; 0                           ;
; 11                                              ; 0                           ;
; 12                                              ; 0                           ;
; 13                                              ; 0                           ;
; 14                                              ; 0                           ;
; 15                                              ; 1                           ;
; 16                                              ; 2                           ;
+-------------------------------------------------+-----------------------------+


+----------------------------------------------------------------------------+
; LAB Distinct Inputs                                                        ;
+----------------------------------------------+-----------------------------+
; Number of Distinct Inputs  (Average = 14.40) ; Number of LABs  (Total = 5) ;
+----------------------------------------------+-----------------------------+
; 0                                            ; 0                           ;
; 1                                            ; 0                           ;
; 2                                            ; 0                           ;
; 3                                            ; 0                           ;
; 4                                            ; 0                           ;
; 5                                            ; 0                           ;
; 6                                            ; 0                           ;
; 7                                            ; 0                           ;
; 8                                            ; 0                           ;
; 9                                            ; 1                           ;
; 10                                           ; 0                           ;
; 11                                           ; 1                           ;
; 12                                           ; 0                           ;
; 13                                           ; 0                           ;
; 14                                           ; 0                           ;
; 15                                           ; 0                           ;
; 16                                           ; 0                           ;
; 17                                           ; 2                           ;
; 18                                           ; 1                           ;
+----------------------------------------------+-----------------------------+


+--------------------------------------------------------------------+
; Fitter Device Options                                              ;
+----------------------------------------------+---------------------+
; Option                                       ; Setting             ;
+----------------------------------------------+---------------------+
; Enable user-supplied start-up clock (CLKUSR) ; Off                 ;
; Enable device-wide reset (DEV_CLRn)          ; Off                 ;
; Enable device-wide output enable (DEV_OE)    ; Off                 ;
; Enable INIT_DONE output                      ; Off                 ;
; Configuration scheme                         ; Active Serial       ;
; Error detection CRC                          ; Off                 ;
; nCEO                                         ; Unreserved          ;
; ASDO,nCSO                                    ; As input tri-stated ;
; Reserve all unused pins                      ; As input tri-stated ;
; Base pin-out file on sameframe device        ; Off                 ;
+----------------------------------------------+---------------------+


+------------------------------------+
; Operating Settings and Conditions  ;
+---------------------------+--------+
; Setting                   ; Value  ;
+---------------------------+--------+
; Nominal Core Voltage      ; 1.20 V ;
; Low Junction Temperature  ; 0 C   ;
; High Junction Temperature ; 85 C  ;
+---------------------------+--------+


+-----------------+
; Fitter Messages ;
+-----------------+
Info: *******************************************************************
Info: Running Quartus II 32-bit Fitter
    Info: Version 11.1 Build 173 11/01/2011 SJ Full Version
    Info: Processing started: Mon Sep 21 15:32:14 2015
Info: Command: quartus_fit --read_settings_files=off --write_settings_files=off EP2C5 -c EP2C5
Info (20030): Parallel compilation is enabled and will use 4 of the 4 processors detected
Info (119006): Selected device EP2C5T144C7 for design "EP2C5"
Info (21077): Low junction temperature is 0 degrees C
Info (21077): High junction temperature is 85 degrees C
Info (171003): Fitter is performing an Auto Fit compilation, which may decrease Fitter effort to reduce compilation time
Info (176444): Device migration not selected. If you intend to use device migration later, you may need to change the pin assignments as they may be incompatible with other devices
    Info (176445): Device EP2C8T144C7 is compatible
Info (169124): Fitter converted 2 user pins into dedicated programming pins
    Info (169125): Pin ~ASDO~ is reserved at location 1
    Info (169125): Pin ~nCSO~ is reserved at location 2
Info (332104): Reading SDC File: 'EP2C5.sdc'
Info (332129): Detected timing requirements -- optimizing circuit to achieve only the specified requirements
Info (332111): Found 1 clocks
    Info (332111):   Period   Clock Name
    Info (332111): ======== ============
    Info (332111):   20.000       clk50M
Info (176353): Automatically promoted node clk50M (placed in PIN 17 (CLK0, LVDSCLK0p, Input))
    Info (176355): Automatically promoted destinations to use location or clock signal Global Clock CLKCTRL_G2
Info (176233): Starting register packing
Info (176235): Finished register packing
    Extra Info (176219): No registers were packed into other blocks
Info (171121): Fitter preparation operations ending: elapsed time is 00:00:00
Info (170189): Fitter placement preparation operations beginning
Info (170190): Fitter placement preparation operations ending: elapsed time is 00:00:00
Info (170191): Fitter placement operations beginning
Info (170137): Fitter placement was successful
Info (170192): Fitter placement operations ending: elapsed time is 00:00:00
Info (170193): Fitter routing operations beginning
Info (170195): Router estimated average interconnect usage is 0% of the available device resources
    Info (170196): Router estimated peak interconnect usage is 0% of the available device resources in the region that extends from location X0_Y0 to location X13_Y14
Info (170194): Fitter routing operations ending: elapsed time is 00:00:00
Info (170199): The Fitter performed an Auto Fit compilation.  Optimizations were skipped to reduce compilation time.
    Info (170201): Optimizations that may affect the design's routability were skipped
    Info (170200): Optimizations that may affect the design's timing were skipped
Info (306004): Started post-fitting delay annotation
Info (306005): Delay annotation completed successfully
Warning (171167): Found invalid Fitter assignments. See the Ignored Assignments panel in the Fitter Compilation Report for more information.
Info (144001): Generated suppressed messages file D:/FPGA_Projects/fpga-synth(git)/examples/EP2C5/EP2C5.fit.smsg
Info: Quartus II 32-bit Fitter was successful. 0 errors, 1 warning
    Info: Peak virtual memory: 374 megabytes
    Info: Processing ended: Mon Sep 21 15:32:16 2015
    Info: Elapsed time: 00:00:02
    Info: Total CPU time (on all processors): 00:00:02


+----------------------------+
; Fitter Suppressed Messages ;
+----------------------------+
The suppressed messages can be found in D:/FPGA_Projects/fpga-synth(git)/examples/EP2C5/EP2C5.fit.smsg.


