EDA Netlist Writer report for dds_gen
Sat Jan 07 18:59:12 2017
Quartus II 32-bit Version 11.1 Build 173 11/01/2011 SJ Full Version


---------------------
; Table of Contents ;
---------------------
  1. Legal Notice
  2. EDA Netlist Writer Summary
  3. Simulation Settings
  4. Simulation Generated Files
  5. EDA Netlist Writer Messages



----------------
; Legal Notice ;
----------------
Copyright (C) 1991-2011 Altera Corporation
Your use of Altera Corporation's design tools, logic functions 
and other software and tools, and its AMPP partner logic 
functions, and any output files from any of the foregoing 
(including device programming or simulation files), and any 
associated documentation or information are expressly subject 
to the terms and conditions of the Altera Program License 
Subscription Agreement, Altera MegaCore Function License 
Agreement, or other applicable license agreement, including, 
without limitation, that your use is for the sole purpose of 
programming logic devices manufactured by Altera and sold by 
Altera or its authorized distributors.  Please refer to the 
applicable agreement for further details.



+-------------------------------------------------------------------+
; EDA Netlist Writer Summary                                        ;
+---------------------------+---------------------------------------+
; EDA Netlist Writer Status ; Successful - Sat Jan 07 18:59:12 2017 ;
; Revision Name             ; dds_gen                               ;
; Top-level Entity Name     ; dds_gen                               ;
; Family                    ; Cyclone IV E                          ;
; Simulation Files Creation ; Successful                            ;
+---------------------------+---------------------------------------+


+-------------------------------------------------------------------------------------------------------------------------------+
; Simulation Settings                                                                                                           ;
+---------------------------------------------------------------------------------------------------+---------------------------+
; Option                                                                                            ; Setting                   ;
+---------------------------------------------------------------------------------------------------+---------------------------+
; Tool Name                                                                                         ; ModelSim-Altera (Verilog) ;
; Generate netlist for functional simulation only                                                   ; Off                       ;
; Time scale                                                                                        ; 1 ps                      ;
; Truncate long hierarchy paths                                                                     ; Off                       ;
; Map illegal HDL characters                                                                        ; Off                       ;
; Flatten buses into individual nodes                                                               ; Off                       ;
; Maintain hierarchy                                                                                ; Off                       ;
; Bring out device-wide set/reset signals as ports                                                  ; Off                       ;
; Enable glitch filtering                                                                           ; Off                       ;
; Do not write top level VHDL entity                                                                ; Off                       ;
; Disable detection of setup and hold time violations in the input registers of bi-directional pins ; Off                       ;
; Architecture name in VHDL output netlist                                                          ; structure                 ;
; Generate third-party EDA tool command script for RTL functional simulation                        ; Off                       ;
; Generate third-party EDA tool command script for gate-level simulation                            ; Off                       ;
+---------------------------------------------------------------------------------------------------+---------------------------+


+------------------------------------------------------------------------------------------+
; Simulation Generated Files                                                               ;
+------------------------------------------------------------------------------------------+
; Generated Files                                                                          ;
+------------------------------------------------------------------------------------------+
; D:/FPGA_Projects/EP4CE10_100MHz_DAC/simulation/modelsim/dds_gen_8_1200mv_85c_slow.vo     ;
; D:/FPGA_Projects/EP4CE10_100MHz_DAC/simulation/modelsim/dds_gen_8_1200mv_0c_slow.vo      ;
; D:/FPGA_Projects/EP4CE10_100MHz_DAC/simulation/modelsim/dds_gen_min_1200mv_0c_fast.vo    ;
; D:/FPGA_Projects/EP4CE10_100MHz_DAC/simulation/modelsim/dds_gen.vo                       ;
; D:/FPGA_Projects/EP4CE10_100MHz_DAC/simulation/modelsim/dds_gen_8_1200mv_85c_v_slow.sdo  ;
; D:/FPGA_Projects/EP4CE10_100MHz_DAC/simulation/modelsim/dds_gen_8_1200mv_0c_v_slow.sdo   ;
; D:/FPGA_Projects/EP4CE10_100MHz_DAC/simulation/modelsim/dds_gen_min_1200mv_0c_v_fast.sdo ;
; D:/FPGA_Projects/EP4CE10_100MHz_DAC/simulation/modelsim/dds_gen_v.sdo                    ;
+------------------------------------------------------------------------------------------+


+-----------------------------+
; EDA Netlist Writer Messages ;
+-----------------------------+
Info: *******************************************************************
Info: Running Quartus II 32-bit EDA Netlist Writer
    Info: Version 11.1 Build 173 11/01/2011 SJ Full Version
    Info: Processing started: Sat Jan 07 18:59:11 2017
Info: Command: quartus_eda --read_settings_files=off --write_settings_files=off dds_gen -c dds_gen
Info (204019): Generated file dds_gen_8_1200mv_85c_slow.vo in folder "D:/FPGA_Projects/EP4CE10_100MHz_DAC/simulation/modelsim/" for EDA simulation tool
Info (204019): Generated file dds_gen_8_1200mv_0c_slow.vo in folder "D:/FPGA_Projects/EP4CE10_100MHz_DAC/simulation/modelsim/" for EDA simulation tool
Info (204019): Generated file dds_gen_min_1200mv_0c_fast.vo in folder "D:/FPGA_Projects/EP4CE10_100MHz_DAC/simulation/modelsim/" for EDA simulation tool
Info (204019): Generated file dds_gen.vo in folder "D:/FPGA_Projects/EP4CE10_100MHz_DAC/simulation/modelsim/" for EDA simulation tool
Info (204019): Generated file dds_gen_8_1200mv_85c_v_slow.sdo in folder "D:/FPGA_Projects/EP4CE10_100MHz_DAC/simulation/modelsim/" for EDA simulation tool
Info (204019): Generated file dds_gen_8_1200mv_0c_v_slow.sdo in folder "D:/FPGA_Projects/EP4CE10_100MHz_DAC/simulation/modelsim/" for EDA simulation tool
Info (204019): Generated file dds_gen_min_1200mv_0c_v_fast.sdo in folder "D:/FPGA_Projects/EP4CE10_100MHz_DAC/simulation/modelsim/" for EDA simulation tool
Info (204019): Generated file dds_gen_v.sdo in folder "D:/FPGA_Projects/EP4CE10_100MHz_DAC/simulation/modelsim/" for EDA simulation tool
Info: Quartus II 32-bit EDA Netlist Writer was successful. 0 errors, 0 warnings
    Info: Peak virtual memory: 265 megabytes
    Info: Processing ended: Sat Jan 07 18:59:12 2017
    Info: Elapsed time: 00:00:01
    Info: Total CPU time (on all processors): 00:00:01


