EDA Netlist Writer report for VitaPolyOne
Tue May 12 19:59:06 2015
Quartus II 32-bit Version 11.1 Build 173 11/01/2011 SJ Full Version


---------------------
; Table of Contents ;
---------------------
  1. Legal Notice
  2. EDA Netlist Writer Summary
  3. Simulation Settings
  4. Simulation Generated Files
  5. EDA Netlist Writer Messages



----------------
; Legal Notice ;
----------------
Copyright (C) 1991-2011 Altera Corporation
Your use of Altera Corporation's design tools, logic functions 
and other software and tools, and its AMPP partner logic 
functions, and any output files from any of the foregoing 
(including device programming or simulation files), and any 
associated documentation or information are expressly subject 
to the terms and conditions of the Altera Program License 
Subscription Agreement, Altera MegaCore Function License 
Agreement, or other applicable license agreement, including, 
without limitation, that your use is for the sole purpose of 
programming logic devices manufactured by Altera and sold by 
Altera or its authorized distributors.  Please refer to the 
applicable agreement for further details.



+-------------------------------------------------------------------+
; EDA Netlist Writer Summary                                        ;
+---------------------------+---------------------------------------+
; EDA Netlist Writer Status ; Successful - Tue May 12 19:59:06 2015 ;
; Revision Name             ; VitaPolyOne                           ;
; Top-level Entity Name     ; VitaPolyOne                           ;
; Family                    ; Cyclone IV E                          ;
; Simulation Files Creation ; Successful                            ;
+---------------------------+---------------------------------------+


+----------------------------------------------------------------------------------------------------------------------------+
; Simulation Settings                                                                                                        ;
+---------------------------------------------------------------------------------------------------+------------------------+
; Option                                                                                            ; Setting                ;
+---------------------------------------------------------------------------------------------------+------------------------+
; Tool Name                                                                                         ; ModelSim-Altera (VHDL) ;
; Generate netlist for functional simulation only                                                   ; Off                    ;
; Time scale                                                                                        ; 1 ps                   ;
; Truncate long hierarchy paths                                                                     ; Off                    ;
; Map illegal HDL characters                                                                        ; Off                    ;
; Flatten buses into individual nodes                                                               ; Off                    ;
; Maintain hierarchy                                                                                ; Off                    ;
; Bring out device-wide set/reset signals as ports                                                  ; Off                    ;
; Enable glitch filtering                                                                           ; Off                    ;
; Do not write top level VHDL entity                                                                ; Off                    ;
; Disable detection of setup and hold time violations in the input registers of bi-directional pins ; Off                    ;
; Architecture name in VHDL output netlist                                                          ; structure              ;
; Generate third-party EDA tool command script for RTL functional simulation                        ; Off                    ;
; Generate third-party EDA tool command script for gate-level simulation                            ; Off                    ;
+---------------------------------------------------------------------------------------------------+------------------------+


+------------------------------------------------------------------------------------------------------------------+
; Simulation Generated Files                                                                                       ;
+------------------------------------------------------------------------------------------------------------------+
; Generated Files                                                                                                  ;
+------------------------------------------------------------------------------------------------------------------+
; D:/FPGA_Projects/fpga-synth(git)/examples/VitaPolyOne/simulation/modelsim/VitaPolyOne_8_1200mv_85c_slow.vho      ;
; D:/FPGA_Projects/fpga-synth(git)/examples/VitaPolyOne/simulation/modelsim/VitaPolyOne_8_1200mv_0c_slow.vho       ;
; D:/FPGA_Projects/fpga-synth(git)/examples/VitaPolyOne/simulation/modelsim/VitaPolyOne_min_1200mv_0c_fast.vho     ;
; D:/FPGA_Projects/fpga-synth(git)/examples/VitaPolyOne/simulation/modelsim/VitaPolyOne.vho                        ;
; D:/FPGA_Projects/fpga-synth(git)/examples/VitaPolyOne/simulation/modelsim/VitaPolyOne_8_1200mv_85c_vhd_slow.sdo  ;
; D:/FPGA_Projects/fpga-synth(git)/examples/VitaPolyOne/simulation/modelsim/VitaPolyOne_8_1200mv_0c_vhd_slow.sdo   ;
; D:/FPGA_Projects/fpga-synth(git)/examples/VitaPolyOne/simulation/modelsim/VitaPolyOne_min_1200mv_0c_vhd_fast.sdo ;
; D:/FPGA_Projects/fpga-synth(git)/examples/VitaPolyOne/simulation/modelsim/VitaPolyOne_vhd.sdo                    ;
+------------------------------------------------------------------------------------------------------------------+


+-----------------------------+
; EDA Netlist Writer Messages ;
+-----------------------------+
Info: *******************************************************************
Info: Running Quartus II 32-bit EDA Netlist Writer
    Info: Version 11.1 Build 173 11/01/2011 SJ Full Version
    Info: Processing started: Tue May 12 19:59:03 2015
Info: Command: quartus_eda --read_settings_files=off --write_settings_files=off VitaPolyOne -c VitaPolyOne
Info (204019): Generated file VitaPolyOne_8_1200mv_85c_slow.vho in folder "D:/FPGA_Projects/fpga-synth(git)/examples/VitaPolyOne/simulation/modelsim/" for EDA simulation tool
Info (204019): Generated file VitaPolyOne_8_1200mv_0c_slow.vho in folder "D:/FPGA_Projects/fpga-synth(git)/examples/VitaPolyOne/simulation/modelsim/" for EDA simulation tool
Info (204019): Generated file VitaPolyOne_min_1200mv_0c_fast.vho in folder "D:/FPGA_Projects/fpga-synth(git)/examples/VitaPolyOne/simulation/modelsim/" for EDA simulation tool
Info (204019): Generated file VitaPolyOne.vho in folder "D:/FPGA_Projects/fpga-synth(git)/examples/VitaPolyOne/simulation/modelsim/" for EDA simulation tool
Info (204019): Generated file VitaPolyOne_8_1200mv_85c_vhd_slow.sdo in folder "D:/FPGA_Projects/fpga-synth(git)/examples/VitaPolyOne/simulation/modelsim/" for EDA simulation tool
Info (204019): Generated file VitaPolyOne_8_1200mv_0c_vhd_slow.sdo in folder "D:/FPGA_Projects/fpga-synth(git)/examples/VitaPolyOne/simulation/modelsim/" for EDA simulation tool
Info (204019): Generated file VitaPolyOne_min_1200mv_0c_vhd_fast.sdo in folder "D:/FPGA_Projects/fpga-synth(git)/examples/VitaPolyOne/simulation/modelsim/" for EDA simulation tool
Info (204019): Generated file VitaPolyOne_vhd.sdo in folder "D:/FPGA_Projects/fpga-synth(git)/examples/VitaPolyOne/simulation/modelsim/" for EDA simulation tool
Info: Quartus II 32-bit EDA Netlist Writer was successful. 0 errors, 0 warnings
    Info: Peak virtual memory: 284 megabytes
    Info: Processing ended: Tue May 12 19:59:06 2015
    Info: Elapsed time: 00:00:03
    Info: Total CPU time (on all processors): 00:00:03


